#
# There is insufficient memory for the Java Runtime Environment to continue.
# Native memory allocation (malloc) failed to allocate 1053776 bytes for Chunk::new
# Possible reasons:
#   The system is out of physical RAM or swap space
#   The process is running with CompressedOops enabled, and the Java Heap may be blocking the growth of the native heap
# Possible solutions:
#   Reduce memory load on the system
#   Increase physical memory or swap space
#   Check if swap backing store is full
#   Decrease Java heap size (-Xmx/-Xms)
#   Decrease number of Java threads
#   Decrease Java thread stack sizes (-Xss)
#   Set larger code cache with -XX:ReservedCodeCacheSize=
#   JVM is running with Zero Based Compressed Oops mode in which the Java heap is
#     placed in the first 32GB address space. The Java Heap base address is the
#     maximum limit for the native heap growth. Please use -XX:HeapBaseMinAddress
#     to set the Java Heap base and to place the Java Heap above 32GB virtual address.
# This output file may be truncated or incomplete.
#
#  Out of Memory Error (allocation.cpp:389), pid=6888, tid=0x0000000000003d34
#
# JRE version: OpenJDK Runtime Environment (8.0_242-b01) (build 1.8.0_242-release-1644-b01)
# Java VM: OpenJDK 64-Bit Server VM (25.242-b01 mixed mode windows-amd64 compressed oops)
# Failed to write core dump. Minidumps are not enabled by default on client versions of Windows
#

---------------  T H R E A D  ---------------

Current thread (0x0000000019877000):  JavaThread "C2 CompilerThread0" daemon [_thread_in_native, id=15668, stack(0x000000001aed0000,0x000000001afd0000)]

Stack: [0x000000001aed0000,0x000000001afd0000]
[error occurred during error reporting (printing stack bounds), id 0xc0000005]

Native frames: (J=compiled Java code, j=interpreted, Vv=VM code, C=native code)


Current CompileTask:
C2:16344766 33355       4       com.android.tools.r8.ir.regalloc.a::a (952 bytes)


---------------  P R O C E S S  ---------------

Java Threads: ( => current thread )
  0x00000000210b0800 JavaThread "ForkJoinPool-93-worker-0" daemon [_thread_in_Java, id=15936, stack(0x0000000063ef0000,0x0000000063ff0000)]
  0x000000001c6aa000 JavaThread "ForkJoinPool-93-worker-1" daemon [_thread_in_Java, id=14000, stack(0x0000000063cf0000,0x0000000063df0000)]
  0x000000001c6ae000 JavaThread "Cache worker for execution history cache (D:\Projects\Rora\RoraGame\CloudGaming\FE\Android\Source\.gradle\6.5\executionHistory)" [_thread_blocked, id=604, stack(0x0000000063bf0000,0x0000000063cf0000)]
  0x000000001c6ad000 JavaThread "Execution worker for ':' Thread 3" [_thread_blocked, id=3028, stack(0x0000000063af0000,0x0000000063bf0000)]
  0x000000001c6ac800 JavaThread "Execution worker for ':' Thread 2" [_thread_blocked, id=10188, stack(0x00000000639f0000,0x0000000063af0000)]
  0x000000001c6ab800 JavaThread "Execution worker for ':'" [_thread_blocked, id=9404, stack(0x00000000638f0000,0x00000000639f0000)]
  0x000000001c6ae800 JavaThread "Cache worker for file content cache (D:\Projects\Rora\RoraGame\CloudGaming\FE\Android\Source\.gradle\6.5\fileContent)" [_thread_blocked, id=13284, stack(0x00000000637f0000,0x00000000638f0000)]
  0x000000001c6a2800 JavaThread "Cache worker for Build Output Cleanup Cache (D:\Projects\Rora\RoraGame\CloudGaming\FE\Android\Source\.gradle\buildOutputCleanup)" [_thread_blocked, id=11064, stack(0x00000000636f0000,0x00000000637f0000)]
  0x000000001c6a9800 JavaThread "Build operations Thread 4" [_thread_blocked, id=9096, stack(0x00000000635f0000,0x00000000636f0000)]
  0x000000001c6a8800 JavaThread "Build operations Thread 3" [_thread_blocked, id=3844, stack(0x00000000634f0000,0x00000000635f0000)]
  0x000000001c6a4000 JavaThread "Build operations Thread 2" [_thread_blocked, id=6588, stack(0x00000000633f0000,0x00000000634f0000)]
  0x000000001c6a0800 JavaThread "Build operations" [_thread_blocked, id=13304, stack(0x00000000632f0000,0x00000000633f0000)]
  0x000000001c6a2000 JavaThread "Cache worker for cache directory md-rule (C:\Users\Moon\.gradle\caches\6.5\md-rule)" [_thread_blocked, id=6992, stack(0x00000000631f0000,0x00000000632f0000)]
  0x0000000021993800 JavaThread "Cache worker for cache directory md-supplier (C:\Users\Moon\.gradle\caches\6.5\md-supplier)" [_thread_blocked, id=13412, stack(0x00000000630f0000,0x00000000631f0000)]
  0x0000000021993000 JavaThread "Cache worker for checksums cache (D:\Projects\Rora\RoraGame\CloudGaming\FE\Android\Source\.gradle\checksums)" [_thread_blocked, id=10568, stack(0x0000000062ff0000,0x00000000630f0000)]
  0x0000000021991800 JavaThread "Cache worker for file hash cache (D:\Projects\Rora\RoraGame\CloudGaming\FE\Android\Source\.gradle\6.5\fileHashes)" [_thread_blocked, id=12228, stack(0x0000000062ef0000,0x0000000062ff0000)]
  0x0000000021990800 JavaThread "Thread-5817" [_thread_blocked, id=9524, stack(0x0000000062df0000,0x0000000062ef0000)]
  0x0000000021992000 JavaThread "Stdin handler" [_thread_blocked, id=7116, stack(0x0000000062cf0000,0x0000000062df0000)]
  0x0000000021990000 JavaThread "Asynchronous log dispatcher for DefaultDaemonConnection: socket connection from /127.0.0.1:64738 to /127.0.0.1:57909" [_thread_blocked, id=11488, stack(0x0000000062bf0000,0x0000000062cf0000)]
  0x0000000021994800 JavaThread "Cancel handler" [_thread_blocked, id=10244, stack(0x0000000062af0000,0x0000000062bf0000)]
  0x0000000021988000 JavaThread "Handler for socket connection from /127.0.0.1:64738 to /127.0.0.1:57909" [_thread_in_native, id=7084, stack(0x00000000629f0000,0x0000000062af0000)]
  0x00000000210a9000 JavaThread "Exec process Thread 114" [_thread_blocked, id=15240, stack(0x00000000605f0000,0x00000000606f0000)]
  0x00000000210a7800 JavaThread "Exec process Thread 113" [_thread_blocked, id=12240, stack(0x00000000604f0000,0x00000000605f0000)]
  0x00000000210ad800 JavaThread "Exec process Thread 112" [_thread_blocked, id=14272, stack(0x00000000603f0000,0x00000000604f0000)]
  0x000000002198f000 JavaThread "jar transforms Thread 3496" [_thread_blocked, id=5512, stack(0x000000005f8f0000,0x000000005f9f0000)]
  0x000000002198e800 JavaThread "jar transforms Thread 3495" [_thread_blocked, id=5912, stack(0x000000005f7f0000,0x000000005f8f0000)]
  0x0000000021986800 JavaThread "jar transforms Thread 3494" [_thread_blocked, id=7908, stack(0x000000005f6f0000,0x000000005f7f0000)]
  0x000000002198d800 JavaThread "jar transforms Thread 3493" [_thread_blocked, id=10296, stack(0x000000005f5f0000,0x000000005f6f0000)]
  0x0000000021986000 JavaThread "jar transforms Thread 3492" [_thread_blocked, id=12432, stack(0x000000005f4f0000,0x000000005f5f0000)]
  0x000000002198d000 JavaThread "jar transforms Thread 3491" [_thread_blocked, id=14384, stack(0x000000005f3f0000,0x000000005f4f0000)]
  0x0000000021987800 JavaThread "jar transforms Thread 3490" [_thread_blocked, id=7936, stack(0x000000005f2f0000,0x000000005f3f0000)]
  0x0000000021985000 JavaThread "jar transforms Thread 3489" [_thread_blocked, id=384, stack(0x000000005f1f0000,0x000000005f2f0000)]
  0x000000002198c000 JavaThread "jar transforms Thread 3488" [_thread_blocked, id=11808, stack(0x000000005f0f0000,0x000000005f1f0000)]
  0x000000002198b800 JavaThread "jar transforms Thread 3487" [_thread_blocked, id=9952, stack(0x000000005eff0000,0x000000005f0f0000)]
  0x0000000021989000 JavaThread "jar transforms Thread 3486" [_thread_blocked, id=15952, stack(0x000000005eef0000,0x000000005eff0000)]
  0x0000000021c12800 JavaThread "jar transforms Thread 3485" [_thread_blocked, id=11008, stack(0x000000005edf0000,0x000000005eef0000)]
  0x0000000021c11000 JavaThread "jar transforms Thread 3484" [_thread_blocked, id=13928, stack(0x000000005ecf0000,0x000000005edf0000)]
  0x0000000021c15000 JavaThread "jar transforms Thread 3483" [_thread_blocked, id=11212, stack(0x000000005ebf0000,0x000000005ecf0000)]
  0x0000000021c15800 JavaThread "jar transforms Thread 3482" [_thread_blocked, id=2996, stack(0x000000005eaf0000,0x000000005ebf0000)]
  0x0000000021c14000 JavaThread "jar transforms Thread 3481" [_thread_blocked, id=13064, stack(0x000000005e9f0000,0x000000005eaf0000)]
  0x0000000021c12000 JavaThread "jar transforms Thread 3480" [_thread_blocked, id=14796, stack(0x000000005e8f0000,0x000000005e9f0000)]
  0x0000000021c09800 JavaThread "jar transforms Thread 3479" [_thread_blocked, id=12376, stack(0x000000005e7f0000,0x000000005e8f0000)]
  0x0000000021c10800 JavaThread "jar transforms Thread 3478" [_thread_blocked, id=7012, stack(0x000000005e6f0000,0x000000005e7f0000)]
  0x0000000021c0f800 JavaThread "jar transforms Thread 3477" [_thread_blocked, id=6656, stack(0x000000005e5f0000,0x000000005e6f0000)]
  0x0000000021c08000 JavaThread "jar transforms Thread 3476" [_thread_blocked, id=7756, stack(0x000000005e4f0000,0x000000005e5f0000)]
  0x0000000021c0f000 JavaThread "jar transforms Thread 3475" [_thread_blocked, id=456, stack(0x000000005e3f0000,0x000000005e4f0000)]
  0x0000000021c0c800 JavaThread "jar transforms Thread 3474" [_thread_blocked, id=7804, stack(0x000000005e2f0000,0x000000005e3f0000)]
  0x0000000021c0c000 JavaThread "jar transforms Thread 3473" [_thread_blocked, id=13128, stack(0x000000005e1f0000,0x000000005e2f0000)]
  0x0000000021c09000 JavaThread "jar transforms Thread 3472" [_thread_blocked, id=11764, stack(0x000000005e0f0000,0x000000005e1f0000)]
  0x0000000021c0e000 JavaThread "jar transforms Thread 3471" [_thread_blocked, id=7028, stack(0x000000005dff0000,0x000000005e0f0000)]
  0x0000000021c0a800 JavaThread "jar transforms Thread 3470" [_thread_blocked, id=9680, stack(0x000000005def0000,0x000000005dff0000)]
  0x0000000021c0d800 JavaThread "jar transforms Thread 3469" [_thread_blocked, id=15352, stack(0x000000005ddf0000,0x000000005def0000)]
  0x0000000021c0b000 JavaThread "jar transforms Thread 3468" [_thread_blocked, id=2848, stack(0x000000005dcf0000,0x000000005ddf0000)]
  0x0000000021c06800 JavaThread "jar transforms Thread 3467" [_thread_blocked, id=10904, stack(0x000000005dbf0000,0x000000005dcf0000)]
  0x0000000021c07800 JavaThread "jar transforms Thread 3466" [_thread_blocked, id=10692, stack(0x000000005daf0000,0x000000005dbf0000)]
  0x000000001d9be000 JavaThread "jar transforms Thread 3465" [_thread_blocked, id=8652, stack(0x000000005d9f0000,0x000000005daf0000)]
  0x000000001d9bd800 JavaThread "jar transforms Thread 3464" [_thread_blocked, id=3356, stack(0x000000005d8f0000,0x000000005d9f0000)]
  0x000000001d9bb000 JavaThread "jar transforms Thread 3463" [_thread_blocked, id=1204, stack(0x000000005d7f0000,0x000000005d8f0000)]
  0x000000001d9ba800 JavaThread "jar transforms Thread 3462" [_thread_blocked, id=10032, stack(0x000000005d6f0000,0x000000005d7f0000)]
  0x000000001d9b9800 JavaThread "jar transforms Thread 3461" [_thread_blocked, id=668, stack(0x000000005d5f0000,0x000000005d6f0000)]
  0x000000001d9bc800 JavaThread "jar transforms Thread 3460" [_thread_blocked, id=3780, stack(0x000000005d4f0000,0x000000005d5f0000)]
  0x000000001d9b8000 JavaThread "jar transforms Thread 3459" [_thread_blocked, id=11628, stack(0x000000005d3f0000,0x000000005d4f0000)]
  0x000000001d9bc000 JavaThread "jar transforms Thread 3458" [_thread_blocked, id=11624, stack(0x000000005d2f0000,0x000000005d3f0000)]
  0x000000001d9b7800 JavaThread "jar transforms Thread 3457" [_thread_blocked, id=7576, stack(0x000000005d1f0000,0x000000005d2f0000)]
  0x000000001d9b0000 JavaThread "jar transforms Thread 3456" [_thread_blocked, id=7136, stack(0x000000005d0f0000,0x000000005d1f0000)]
  0x000000001d9b3000 JavaThread "jar transforms Thread 3455" [_thread_blocked, id=14424, stack(0x000000005cff0000,0x000000005d0f0000)]
  0x000000001d9b2000 JavaThread "jar transforms Thread 3454" [_thread_blocked, id=6520, stack(0x000000005cef0000,0x000000005cff0000)]
  0x000000001d9b4800 JavaThread "jar transforms Thread 3453" [_thread_blocked, id=15180, stack(0x000000005cdf0000,0x000000005cef0000)]
  0x000000001d9b0800 JavaThread "jar transforms Thread 3452" [_thread_blocked, id=13380, stack(0x000000005ccf0000,0x000000005cdf0000)]
  0x000000001d9b6800 JavaThread "jar transforms Thread 3451" [_thread_blocked, id=13500, stack(0x000000005cbf0000,0x000000005ccf0000)]
  0x000000001d9b1800 JavaThread "jar transforms Thread 3450" [_thread_blocked, id=9272, stack(0x000000005caf0000,0x000000005cbf0000)]
  0x000000001d9af000 JavaThread "jar transforms Thread 3449" [_thread_blocked, id=8400, stack(0x000000005c9f0000,0x000000005caf0000)]
  0x000000001d9b3800 JavaThread "jar transforms Thread 3448" [_thread_blocked, id=13288, stack(0x000000005c8f0000,0x000000005c9f0000)]
  0x000000001d9b6000 JavaThread "jar transforms Thread 3447" [_thread_blocked, id=9752, stack(0x000000005c7f0000,0x000000005c8f0000)]
  0x000000001d9b5000 JavaThread "jar transforms Thread 3446" [_thread_blocked, id=5520, stack(0x000000005c6f0000,0x000000005c7f0000)]
  0x000000001cd22800 JavaThread "jar transforms Thread 3445" [_thread_blocked, id=1040, stack(0x000000005c5f0000,0x000000005c6f0000)]
  0x000000001cd21800 JavaThread "jar transforms Thread 3444" [_thread_blocked, id=1924, stack(0x000000005c4f0000,0x000000005c5f0000)]
  0x000000001cd20800 JavaThread "jar transforms Thread 3443" [_thread_blocked, id=10936, stack(0x000000005c3f0000,0x000000005c4f0000)]
  0x000000001cd1e800 JavaThread "jar transforms Thread 3442" [_thread_blocked, id=12516, stack(0x000000005c2f0000,0x000000005c3f0000)]
  0x000000001cd20000 JavaThread "jar transforms Thread 3441" [_thread_blocked, id=12016, stack(0x000000005c1f0000,0x000000005c2f0000)]
  0x000000001cd1d800 JavaThread "jar transforms Thread 3440" [_thread_blocked, id=4580, stack(0x000000005c0f0000,0x000000005c1f0000)]
  0x000000001cd1d000 JavaThread "jar transforms Thread 3439" [_thread_blocked, id=13792, stack(0x000000005bff0000,0x000000005c0f0000)]
  0x000000001cd1f000 JavaThread "jar transforms Thread 3438" [_thread_blocked, id=13756, stack(0x000000005bef0000,0x000000005bff0000)]
  0x000000001cd23000 JavaThread "jar transforms Thread 3437" [_thread_blocked, id=1904, stack(0x000000005bdf0000,0x000000005bef0000)]
  0x000000001cd24000 JavaThread "jar transforms Thread 3436" [_thread_blocked, id=15812, stack(0x000000005bcf0000,0x000000005bdf0000)]
  0x000000001cd15800 JavaThread "jar transforms Thread 3435" [_thread_blocked, id=4824, stack(0x000000005bbf0000,0x000000005bcf0000)]
  0x000000001cd17800 JavaThread "jar transforms Thread 3434" [_thread_blocked, id=9512, stack(0x000000005baf0000,0x000000005bbf0000)]
  0x000000001cd1c000 JavaThread "jar transforms Thread 3433" [_thread_blocked, id=4444, stack(0x000000005b9f0000,0x000000005baf0000)]
  0x000000001cd19000 JavaThread "jar transforms Thread 3432" [_thread_blocked, id=7452, stack(0x000000005b8f0000,0x000000005b9f0000)]
  0x000000001cd14800 JavaThread "jar transforms Thread 3431" [_thread_blocked, id=11160, stack(0x000000005b7f0000,0x000000005b8f0000)]
  0x000000001cd1b800 JavaThread "jar transforms Thread 3430" [_thread_blocked, id=748, stack(0x000000005b6f0000,0x000000005b7f0000)]
  0x000000001cd16000 JavaThread "jar transforms Thread 3429" [_thread_blocked, id=12720, stack(0x000000005b5f0000,0x000000005b6f0000)]
  0x000000001cd18800 JavaThread "jar transforms Thread 3428" [_thread_blocked, id=14936, stack(0x000000005b4f0000,0x000000005b5f0000)]
  0x000000001cd1a000 JavaThread "jar transforms Thread 3427" [_thread_blocked, id=84, stack(0x000000005b3f0000,0x000000005b4f0000)]
  0x000000001cd17000 JavaThread "jar transforms Thread 3426" [_thread_blocked, id=12092, stack(0x000000005b2f0000,0x000000005b3f0000)]
  0x000000002be3d800 JavaThread "jar transforms Thread 3425" [_thread_blocked, id=1372, stack(0x000000005b1f0000,0x000000005b2f0000)]
  0x000000002be3c000 JavaThread "jar transforms Thread 3424" [_thread_blocked, id=8348, stack(0x000000005b0f0000,0x000000005b1f0000)]
  0x000000002be3a800 JavaThread "jar transforms Thread 3423" [_thread_blocked, id=2004, stack(0x000000005aff0000,0x000000005b0f0000)]
  0x000000002be3f000 JavaThread "jar transforms Thread 3422" [_thread_blocked, id=15144, stack(0x000000005aef0000,0x000000005aff0000)]
  0x000000002be3a000 JavaThread "jar transforms Thread 3421" [_thread_blocked, id=1296, stack(0x000000005adf0000,0x000000005aef0000)]
  0x000000002be3d000 JavaThread "jar transforms Thread 3420" [_thread_blocked, id=11412, stack(0x000000005acf0000,0x000000005adf0000)]
  0x000000002be3e800 JavaThread "jar transforms Thread 3419" [_thread_blocked, id=6076, stack(0x000000005abf0000,0x000000005acf0000)]
  0x000000002be39000 JavaThread "jar transforms Thread 3418" [_thread_blocked, id=6556, stack(0x000000005aaf0000,0x000000005abf0000)]
  0x000000002be38800 JavaThread "jar transforms Thread 3417" [_thread_blocked, id=6280, stack(0x000000005a9f0000,0x000000005aaf0000)]
  0x000000002be31000 JavaThread "jar transforms Thread 3416" [_thread_blocked, id=15684, stack(0x000000005a8f0000,0x000000005a9f0000)]
  0x000000002be36000 JavaThread "jar transforms Thread 3415" [_thread_blocked, id=8968, stack(0x000000005a7f0000,0x000000005a8f0000)]
  0x000000002be35800 JavaThread "jar transforms Thread 3414" [_thread_blocked, id=14268, stack(0x000000005a6f0000,0x000000005a7f0000)]
  0x000000002be37800 JavaThread "jar transforms Thread 3413" [_thread_blocked, id=14140, stack(0x000000005a5f0000,0x000000005a6f0000)]
  0x000000002be30000 JavaThread "jar transforms Thread 3412" [_thread_blocked, id=880, stack(0x000000005a4f0000,0x000000005a5f0000)]
  0x000000002be31800 JavaThread "jar transforms Thread 3411" [_thread_blocked, id=11996, stack(0x000000005a3f0000,0x000000005a4f0000)]
  0x000000002be34800 JavaThread "jar transforms Thread 3410" [_thread_blocked, id=12772, stack(0x000000005a2f0000,0x000000005a3f0000)]
  0x000000002be33000 JavaThread "jar transforms Thread 3409" [_thread_blocked, id=10516, stack(0x000000005a1f0000,0x000000005a2f0000)]
  0x000000002be34000 JavaThread "jar transforms Thread 3408" [_thread_blocked, id=10844, stack(0x000000005a0f0000,0x000000005a1f0000)]
  0x000000002be37000 JavaThread "jar transforms Thread 3407" [_thread_blocked, id=12416, stack(0x0000000059ff0000,0x000000005a0f0000)]
  0x000000002be32800 JavaThread "jar transforms Thread 3406" [_thread_blocked, id=7636, stack(0x0000000059ef0000,0x0000000059ff0000)]
  0x000000001c6b0000 JavaThread "jar transforms Thread 3405" [_thread_blocked, id=3456, stack(0x0000000059df0000,0x0000000059ef0000)]
  0x000000001c6a1000 JavaThread "Daemon worker Thread 38" [_thread_blocked, id=10828, stack(0x00000000591f0000,0x00000000592f0000)]
  0x000000001c6a7000 JavaThread "Daemon Thread 38" [_thread_blocked, id=9892, stack(0x0000000058ef0000,0x0000000058ff0000)]
  0x00000000210b2000 JavaThread "Memory manager" [_thread_blocked, id=7256, stack(0x000000002b6a0000,0x000000002b7a0000)]
  0x000000001d589800 JavaThread "Cache worker for file content cache (C:\Users\Moon\.gradle\caches\6.5\fileContent)" [_thread_blocked, id=2196, stack(0x0000000023d10000,0x0000000023e10000)]
  0x000000001d587800 JavaThread "Cache worker for execution history cache (C:\Users\Moon\.gradle\caches\6.5\executionHistory)" [_thread_blocked, id=4248, stack(0x0000000023510000,0x0000000023610000)]
  0x000000001d586800 JavaThread "Cache worker for file hash cache (C:\Users\Moon\.gradle\caches\6.5\fileHashes)" [_thread_blocked, id=14972, stack(0x000000001f8f0000,0x000000001f9f0000)]
  0x000000001d5e5000 JavaThread "File lock request listener" [_thread_in_native, id=7424, stack(0x000000001f7f0000,0x000000001f8f0000)]
  0x000000001d4f0000 JavaThread "Cache worker for journal cache (C:\Users\Moon\.gradle\caches\journal-1)" [_thread_blocked, id=5796, stack(0x000000001f5f0000,0x000000001f6f0000)]
  0x000000001d420800 JavaThread "Daemon periodic checks" [_thread_blocked, id=11668, stack(0x000000001e9f0000,0x000000001eaf0000)]
  0x000000001d36a800 JavaThread "Incoming local TCP Connector on port 64738" [_thread_in_native, id=5032, stack(0x000000001e7b0000,0x000000001e8b0000)]
  0x000000001d31b800 JavaThread "Daemon health stats" [_thread_blocked, id=15828, stack(0x000000001e170000,0x000000001e270000)]
  0x00000000198ce800 JavaThread "Service Thread" daemon [_thread_blocked, id=5876, stack(0x000000001b5d0000,0x000000001b6d0000)]
  0x0000000019881000 JavaThread "C1 CompilerThread2" daemon [_thread_blocked, id=5000, stack(0x000000001b0d0000,0x000000001b1d0000)]
  0x000000001987a800 JavaThread "C2 CompilerThread1" daemon [_thread_in_native, id=1116, stack(0x000000001afd0000,0x000000001b0d0000)]
=>0x0000000019877000 JavaThread "C2 CompilerThread0" daemon [_thread_in_native, id=15668, stack(0x000000001aed0000,0x000000001afd0000)]
  0x0000000019875000 JavaThread "Attach Listener" daemon [_thread_blocked, id=2008, stack(0x000000001add0000,0x000000001aed0000)]
  0x0000000019873800 JavaThread "Signal Dispatcher" daemon [_thread_blocked, id=4288, stack(0x000000001acd0000,0x000000001add0000)]
  0x00000000026fa000 JavaThread "Finalizer" daemon [_thread_blocked, id=5860, stack(0x000000001aad0000,0x000000001abd0000)]
  0x00000000026f1000 JavaThread "Reference Handler" daemon [_thread_blocked, id=1044, stack(0x000000001a9d0000,0x000000001aad0000)]
  0x00000000025fe800 JavaThread "main" [_thread_blocked, id=15084, stack(0x0000000002450000,0x0000000002550000)]

Other Threads:
  0x0000000019837000 VMThread [stack: 0x000000001a8d0000,0x000000001a9d0000] [id=11356]
  0x000000001b211800 WatcherThread [stack: 0x000000001b6d0000,0x000000001b7d0000] [id=3464]

VM state:not at safepoint (normal execution)

VM Mutex/Monitor currently owned by a thread: None

heap address: 0x0000000700000000, size: 3072 MB, Compressed Oops mode: Zero based, Oop shift amount: 3
Narrow klass base: 0x0000000000000000, Narrow klass shift: 3
Compressed class space size: 1073741824 Address: 0x00000007c0000000

Heap:
 PSYoungGen      total 352256K, used 178196K [0x0000000780000000, 0x000000079ea80000, 0x00000007c0000000)
  eden space 250880K, 68% used [0x0000000780000000,0x000000078a7b9180,0x000000078f500000)
  from space 101376K, 6% used [0x0000000796080000,0x00000007966cc010,0x000000079c380000)
  to   space 110080K, 0% used [0x000000078f500000,0x000000078f500000,0x0000000796080000)
 ParOldGen       total 356352K, used 269294K [0x0000000700000000, 0x0000000715c00000, 0x0000000780000000)
  object space 356352K, 75% used [0x0000000700000000,0x00000007106fb8d0,0x0000000715c00000)
 Metaspace       used 100700K, capacity 109566K, committed 109848K, reserved 1144832K
  class space    used 12680K, capacity 14037K, committed 14128K, reserved 1048576K

Card table byte_map: [0x0000000011ac0000,0x00000000120d0000] byte_map_base: 0x000000000e2c0000

Marking Bits: (ParMarkBitMap*) 0x0000000072b0f030
 Begin Bits: [0x00000000128d0000, 0x00000000158d0000)
 End Bits:   [0x00000000158d0000, 0x00000000188d0000)

Polling page: 0x00000000003f0000

CodeCache: size=245760Kb used=91805Kb max_used=91805Kb free=153954Kb
 bounds [0x0000000002700000, 0x0000000008140000, 0x0000000011700000]
 total_blobs=26345 nmethods=25476 adapters=779
 compilation: enabled

Compilation events (10 events):
Event: 16344.642 Thread 0x0000000019881000 33373 %     3       com.android.tools.r8.ir.regalloc.a::a @ 155 (336 bytes)
Event: 16344.645 Thread 0x0000000019881000 nmethod 33373% 0x00000000081070d0 code [0x0000000008107640, 0x000000000810af68]
Event: 16344.648 Thread 0x0000000019881000 33374       2       com.android.tools.r8.s.b.a::c (10 bytes)
Event: 16344.648 Thread 0x0000000019881000 nmethod 33374 0x0000000007701d10 code [0x0000000007701e80, 0x0000000007702048]
Event: 16344.718 Thread 0x0000000019881000 33376       2       com.android.tools.r8.s.b.f::a (28 bytes)
Event: 16344.719 Thread 0x0000000019881000 nmethod 33376 0x0000000007701710 code [0x00000000077018a0, 0x0000000007701b58]
Event: 16344.741 Thread 0x0000000019881000 33378       2       com.android.tools.r8.ir.regalloc.a::k (180 bytes)
Event: 16344.742 Thread 0x0000000019881000 nmethod 33378 0x0000000007704d50 code [0x0000000007704f40, 0x0000000007705518]
Event: 16344.751 Thread 0x0000000019881000 33379       3       com.android.tools.r8.graph.i0::a (258 bytes)
Event: 16344.752 Thread 0x0000000019881000 nmethod 33379 0x0000000007703d50 code [0x0000000007703f40, 0x00000000077047e8]

GC Heap History (10 events):
Event: 16342.753 GC heap before
{Heap before GC invocations=212 (full 6):
 PSYoungGen      total 360960K, used 261712K [0x0000000780000000, 0x000000079c380000, 0x00000007c0000000)
  eden space 259584K, 100% used [0x0000000780000000,0x000000078fd80000,0x000000078fd80000)
  from space 101376K, 2% used [0x000000078fd80000,0x000000078ff94010,0x0000000796080000)
  to   space 101376K, 0% used [0x0000000796080000,0x0000000796080000,0x000000079c380000)
 ParOldGen       total 356352K, used 266136K [0x0000000700000000, 0x0000000715c00000, 0x0000000780000000)
  object space 356352K, 74% used [0x0000000700000000,0x00000007103e6230,0x0000000715c00000)
 Metaspace       used 100641K, capacity 109472K, committed 109592K, reserved 1144832K
  class space    used 12677K, capacity 14032K, committed 14128K, reserved 1048576K
Event: 16342.763 GC heap after
Heap after GC invocations=212 (full 6):
 PSYoungGen      total 360960K, used 1664K [0x0000000780000000, 0x000000079c380000, 0x00000007c0000000)
  eden space 259584K, 0% used [0x0000000780000000,0x0000000780000000,0x000000078fd80000)
  from space 101376K, 1% used [0x0000000796080000,0x0000000796220000,0x000000079c380000)
  to   space 101376K, 0% used [0x000000078fd80000,0x000000078fd80000,0x0000000796080000)
 ParOldGen       total 356352K, used 267942K [0x0000000700000000, 0x0000000715c00000, 0x0000000780000000)
  object space 356352K, 75% used [0x0000000700000000,0x00000007105a98c0,0x0000000715c00000)
 Metaspace       used 100641K, capacity 109472K, committed 109592K, reserved 1144832K
  class space    used 12677K, capacity 14032K, committed 14128K, reserved 1048576K
}
Event: 16343.251 GC heap before
{Heap before GC invocations=213 (full 6):
 PSYoungGen      total 360960K, used 261248K [0x0000000780000000, 0x000000079c380000, 0x00000007c0000000)
  eden space 259584K, 100% used [0x0000000780000000,0x000000078fd80000,0x000000078fd80000)
  from space 101376K, 1% used [0x0000000796080000,0x0000000796220000,0x000000079c380000)
  to   space 101376K, 0% used [0x000000078fd80000,0x000000078fd80000,0x0000000796080000)
 ParOldGen       total 356352K, used 267942K [0x0000000700000000, 0x0000000715c00000, 0x0000000780000000)
  object space 356352K, 75% used [0x0000000700000000,0x00000007105a98c0,0x0000000715c00000)
 Metaspace       used 100657K, capacity 109476K, committed 109592K, reserved 1144832K
  class space    used 12677K, capacity 14032K, committed 14128K, reserved 1048576K
Event: 16343.257 GC heap after
Heap after GC invocations=213 (full 6):
 PSYoungGen      total 360960K, used 2368K [0x0000000780000000, 0x000000079c380000, 0x00000007c0000000)
  eden space 259584K, 0% used [0x0000000780000000,0x0000000780000000,0x000000078fd80000)
  from space 101376K, 2% used [0x000000078fd80000,0x000000078ffd0000,0x0000000796080000)
  to   space 101376K, 0% used [0x0000000796080000,0x0000000796080000,0x000000079c380000)
 ParOldGen       total 356352K, used 269294K [0x0000000700000000, 0x0000000715c00000, 0x0000000780000000)
  object space 356352K, 75% used [0x0000000700000000,0x00000007106fb8d0,0x0000000715c00000)
 Metaspace       used 100657K, capacity 109476K, committed 109592K, reserved 1144832K
  class space    used 12677K, capacity 14032K, committed 14128K, reserved 1048576K
}
Event: 16343.667 GC heap before
{Heap before GC invocations=214 (full 6):
 PSYoungGen      total 360960K, used 261952K [0x0000000780000000, 0x000000079c380000, 0x00000007c0000000)
  eden space 259584K, 100% used [0x0000000780000000,0x000000078fd80000,0x000000078fd80000)
  from space 101376K, 2% used [0x000000078fd80000,0x000000078ffd0000,0x0000000796080000)
  to   space 101376K, 0% used [0x0000000796080000,0x0000000796080000,0x000000079c380000)
 ParOldGen       total 356352K, used 269294K [0x0000000700000000, 0x0000000715c00000, 0x0000000780000000)
  object space 356352K, 75% used [0x0000000700000000,0x00000007106fb8d0,0x0000000715c00000)
 Metaspace       used 100669K, capacity 109482K, committed 109592K, reserved 1144832K
  class space    used 12678K, capacity 14033K, committed 14128K, reserved 1048576K
Event: 16343.673 GC heap after
Heap after GC invocations=214 (full 6):
 PSYoungGen      total 360960K, used 3568K [0x0000000780000000, 0x000000079c380000, 0x00000007c0000000)
  eden space 259584K, 0% used [0x0000000780000000,0x0000000780000000,0x000000078fd80000)
  from space 101376K, 3% used [0x0000000796080000,0x00000007963fc010,0x000000079c380000)
  to   space 101376K, 0% used [0x000000078fd80000,0x000000078fd80000,0x0000000796080000)
 ParOldGen       total 356352K, used 269294K [0x0000000700000000, 0x0000000715c00000, 0x0000000780000000)
  object space 356352K, 75% used [0x0000000700000000,0x00000007106fb8d0,0x0000000715c00000)
 Metaspace       used 100669K, capacity 109482K, committed 109592K, reserved 1144832K
  class space    used 12678K, capacity 14033K, committed 14128K, reserved 1048576K
}
Event: 16344.115 GC heap before
{Heap before GC invocations=215 (full 6):
 PSYoungGen      total 360960K, used 263152K [0x0000000780000000, 0x000000079c380000, 0x00000007c0000000)
  eden space 259584K, 100% used [0x0000000780000000,0x000000078fd80000,0x000000078fd80000)
  from space 101376K, 3% used [0x0000000796080000,0x00000007963fc010,0x000000079c380000)
  to   space 101376K, 0% used [0x000000078fd80000,0x000000078fd80000,0x0000000796080000)
 ParOldGen       total 356352K, used 269294K [0x0000000700000000, 0x0000000715c00000, 0x0000000780000000)
  object space 356352K, 75% used [0x0000000700000000,0x00000007106fb8d0,0x0000000715c00000)
 Metaspace       used 100681K, capacity 109502K, committed 109848K, reserved 1144832K
  class space    used 12680K, capacity 14037K, committed 14128K, reserved 1048576K
Event: 16344.122 GC heap after
Heap after GC invocations=215 (full 6):
 PSYoungGen      total 360960K, used 4896K [0x0000000780000000, 0x000000079c380000, 0x00000007c0000000)
  eden space 259584K, 0% used [0x0000000780000000,0x0000000780000000,0x000000078fd80000)
  from space 101376K, 4% used [0x000000078fd80000,0x0000000790248000,0x0000000796080000)
  to   space 101376K, 0% used [0x0000000796080000,0x0000000796080000,0x000000079c380000)
 ParOldGen       total 356352K, used 269294K [0x0000000700000000, 0x0000000715c00000, 0x0000000780000000)
  object space 356352K, 75% used [0x0000000700000000,0x00000007106fb8d0,0x0000000715c00000)
 Metaspace       used 100681K, capacity 109502K, committed 109848K, reserved 1144832K
  class space    used 12680K, capacity 14037K, committed 14128K, reserved 1048576K
}
Event: 16344.518 GC heap before
{Heap before GC invocations=216 (full 6):
 PSYoungGen      total 360960K, used 264480K [0x0000000780000000, 0x000000079c380000, 0x00000007c0000000)
  eden space 259584K, 100% used [0x0000000780000000,0x000000078fd80000,0x000000078fd80000)
  from space 101376K, 4% used [0x000000078fd80000,0x0000000790248000,0x0000000796080000)
  to   space 101376K, 0% used [0x0000000796080000,0x0000000796080000,0x000000079c380000)
 ParOldGen       total 356352K, used 269294K [0x0000000700000000, 0x0000000715c00000, 0x0000000780000000)
  object space 356352K, 75% used [0x0000000700000000,0x00000007106fb8d0,0x0000000715c00000)
 Metaspace       used 100698K, capacity 109566K, committed 109848K, reserved 1144832K
  class space    used 12680K, capacity 14037K, committed 14128K, reserved 1048576K
Event: 16344.525 GC heap after
Heap after GC invocations=216 (full 6):
 PSYoungGen      total 352256K, used 6448K [0x0000000780000000, 0x000000079ea80000, 0x00000007c0000000)
  eden space 250880K, 0% used [0x0000000780000000,0x0000000780000000,0x000000078f500000)
  from space 101376K, 6% used [0x0000000796080000,0x00000007966cc010,0x000000079c380000)
  to   space 110080K, 0% used [0x000000078f500000,0x000000078f500000,0x0000000796080000)
 ParOldGen       total 356352K, used 269294K [0x0000000700000000, 0x0000000715c00000, 0x0000000780000000)
  object space 356352K, 75% used [0x0000000700000000,0x00000007106fb8d0,0x0000000715c00000)
 Metaspace       used 100698K, capacity 109566K, committed 109848K, reserved 1144832K
  class space    used 12680K, capacity 14037K, committed 14128K, reserved 1048576K
}

Deoptimization events (10 events):
Event: 16342.333 Thread 0x000000001c6aa000 Uncommon trap: reason=speculate_class_check action=maybe_recompile pc=0x000000000757ca10 method=com.android.tools.r8.s.a.p.u.b(Lcom/android/tools/r8/s/a/p/u;Lcom/android/tools/r8/graph/f;)Z @ 2
Event: 16342.333 Thread 0x00000000210b0800 Uncommon trap: reason=speculate_class_check action=maybe_recompile pc=0x000000000757ca10 method=com.android.tools.r8.s.a.p.u.b(Lcom/android/tools/r8/s/a/p/u;Lcom/android/tools/r8/graph/f;)Z @ 2
Event: 16342.334 Thread 0x000000001c6aa000 Uncommon trap: reason=speculate_class_check action=maybe_recompile pc=0x000000000757ca10 method=com.android.tools.r8.s.a.p.u.b(Lcom/android/tools/r8/s/a/p/u;Lcom/android/tools/r8/graph/f;)Z @ 2
Event: 16342.420 Thread 0x00000000210b0800 Uncommon trap: reason=unstable_if action=reinterpret pc=0x0000000007f293b8 method=com.android.tools.r8.ir.regalloc.a.a(Lcom/android/tools/r8/ir/regalloc/a$a;Z)Lcom/android/tools/r8/ir/regalloc/a$a; @ 2085
Event: 16342.635 Thread 0x000000001c6aa000 Uncommon trap: reason=unstable_if action=reinterpret pc=0x0000000007e3caa8 method=com.android.tools.r8.ir.conversion.o.a(Lcom/android/tools/r8/ir/conversion/N;IZ)V @ 964
Event: 16342.864 Thread 0x000000001c6aa000 Uncommon trap: reason=class_check action=maybe_recompile pc=0x00000000075a8df8 method=com.android.tools.r8.s.a.h.e.b(Lcom/android/tools/r8/s/b/k0;)V @ 379
Event: 16343.259 Thread 0x00000000210b0800 Uncommon trap: reason=unstable_if action=reinterpret pc=0x0000000008078c48 method=com.android.tools.r8.ir.optimize.l.k(Lcom/android/tools/r8/s/b/X;)Z @ 267
Event: 16343.590 Thread 0x00000000210b0800 Uncommon trap: reason=class_check action=maybe_recompile pc=0x0000000006d39e8c method=com.android.tools.r8.t.a.a.a.f.e.putAll(Ljava/util/Map;)V @ 3
Event: 16343.827 Thread 0x000000001c6ab800 Uncommon trap: reason=bimorphic action=maybe_recompile pc=0x000000000767a520 method=com.android.tools.r8.graph.d.traverseSuperTypes(Lcom/android/tools/r8/graph/C;Ljava/util/function/BiFunction;)Lcom/android/tools/r8/utils/q1; @ 42
Event: 16344.751 Thread 0x000000001c6aa000 Uncommon trap: reason=unstable_if action=reinterpret pc=0x0000000007672ac0 method=com.android.tools.r8.graph.i0.a([C)I @ 68

Classes redefined (0 events):
No events

Internal exceptions (10 events):
Event: 16331.435 Thread 0x000000001c6ab800 Implicit null exception at 0x00000000072cdc54 to 0x00000000072cdd5d
Event: 16333.338 Thread 0x000000001c6ab800 Exception <a 'java/lang/NoSuchMethodError': java.lang.Object.b(Lcom/android/tools/r8/graph/p1$b;)Lcom/android/tools/r8/graph/p1$b;> (0x000000078ac92c60) thrown at [C:\src\AOSP-openjdk-git\hotspot\src\share\vm\interpreter\linkResolver.cpp, line 620]
Event: 16333.984 Thread 0x000000001c6ab800 Exception <a 'java/lang/ClassCastException': kotlin.reflect.jvm.internal.ReflectionFactoryImpl cannot be cast to com.android.tools.r8.v.a.s.c.j> (0x000000078066b670) thrown at [C:\src\AOSP-openjdk-git\hotspot\src\share\vm\interpreter\interpreterRuntime.cp
Event: 16334.265 Thread 0x000000001c6ab800 Exception <a 'java/lang/NoSuchMethodError': java.lang.Object.a(Lcom/android/tools/r8/graph/k1;Lcom/android/tools/r8/graph/k1;)I> (0x0000000781664420) thrown at [C:\src\AOSP-openjdk-git\hotspot\src\share\vm\interpreter\linkResolver.cpp, line 620]
Event: 16334.367 Thread 0x000000001c6ab800 Exception <a 'java/lang/IncompatibleClassChangeError': Found class java.lang.Object, but interface was expected> (0x00000007821420e0) thrown at [C:\src\AOSP-openjdk-git\hotspot\src\share\vm\interpreter\linkResolver.cpp, line 653]
Event: 16334.937 Thread 0x000000001c6ab800 Exception <a 'java/lang/IncompatibleClassChangeError': Found class java.lang.Object, but interface was expected> (0x0000000788c607f0) thrown at [C:\src\AOSP-openjdk-git\hotspot\src\share\vm\interpreter\linkResolver.cpp, line 653]
Event: 16335.816 Thread 0x000000001c6aa000 Exception <a 'java/lang/NoSuchMethodError': java.lang.Object.lambda$maxBy$1(Ljava/util/Comparator;Ljava/lang/Object;Ljava/lang/Object;)Ljava/lang/Object;> (0x00000007807ccb38) thrown at [C:\src\AOSP-openjdk-git\hotspot\src\share\vm\interpreter\linkResolve
Event: 16335.816 Thread 0x00000000210b0800 Exception <a 'java/lang/NoSuchMethodError': java.lang.Object.lambda$maxBy$1(Ljava/util/Comparator;Ljava/lang/Object;Ljava/lang/Object;)Ljava/lang/Object;> (0x0000000782cedd60) thrown at [C:\src\AOSP-openjdk-git\hotspot\src\share\vm\interpreter\linkResolve
Event: 16337.204 Thread 0x00000000210b0800 Implicit null exception at 0x0000000007ca5bd6 to 0x0000000007cac661
Event: 16342.635 Thread 0x000000001c6aa000 Implicit null exception at 0x0000000007e36958 to 0x0000000007e3ca85

Events (10 events):
Event: 16344.738 Thread 0x00000000210b0800 DEOPT UNPACKING pc=0x00000000027475d0 sp=0x0000000063fee160 mode 0
Event: 16344.738 Thread 0x00000000210b0800 DEOPT PACKING pc=0x00000000070f549a sp=0x0000000063fee0f0
Event: 16344.738 Thread 0x00000000210b0800 DEOPT UNPACKING pc=0x00000000027475d0 sp=0x0000000063fee010 mode 0
Event: 16344.748 Thread 0x000000001c6aa000 DEOPT PACKING pc=0x000000000718b7f6 sp=0x0000000063dede50
Event: 16344.748 Thread 0x000000001c6aa000 DEOPT UNPACKING pc=0x00000000027475d0 sp=0x0000000063dedd60 mode 0
Event: 16344.751 Thread 0x000000001c6aa000 DEOPT PACKING pc=0x0000000008092221 sp=0x0000000063dee280
Event: 16344.751 Thread 0x000000001c6aa000 DEOPT UNPACKING pc=0x00000000027475d0 sp=0x0000000063dee150 mode 0
Event: 16344.751 Thread 0x000000001c6aa000 Uncommon trap: trap_request=0xffffff65 fr.pc=0x0000000007672ac0
Event: 16344.751 Thread 0x000000001c6aa000 DEOPT PACKING pc=0x0000000007672ac0 sp=0x0000000063dee390
Event: 16344.751 Thread 0x000000001c6aa000 DEOPT UNPACKING pc=0x000000000274557b sp=0x0000000063dee310 mode 2


Dynamic libraries:
0x00007ff742b50000 - 0x00007ff742b81000 	D:\Softwares\IDEs\AndroidStudio\jre\bin\java.exe
0x00007ffd29180000 - 0x00007ffd2936d000 	C:\WINDOWS\SYSTEM32\ntdll.dll
0x00007ffd28e10000 - 0x00007ffd28ec3000 	C:\WINDOWS\System32\KERNEL32.DLL
0x00007ffd257a0000 - 0x00007ffd25a35000 	C:\WINDOWS\System32\KERNELBASE.dll
0x00007ffd263b0000 - 0x00007ffd26453000 	C:\WINDOWS\System32\ADVAPI32.dll
0x00007ffd27080000 - 0x00007ffd2711e000 	C:\WINDOWS\System32\msvcrt.dll
0x00007ffd26fd0000 - 0x00007ffd2706f000 	C:\WINDOWS\System32\sechost.dll
0x00007ffd26900000 - 0x00007ffd26a20000 	C:\WINDOWS\System32\RPCRT4.dll
0x00007ffd26d50000 - 0x00007ffd26ee7000 	C:\WINDOWS\System32\USER32.dll
0x00007ffd25a70000 - 0x00007ffd25a90000 	C:\WINDOWS\System32\win32u.dll
0x00007ffd26fa0000 - 0x00007ffd26fc9000 	C:\WINDOWS\System32\GDI32.dll
0x00007ffd25270000 - 0x00007ffd2540c000 	C:\WINDOWS\System32\gdi32full.dll
0x00007ffd25a90000 - 0x00007ffd25b30000 	C:\WINDOWS\System32\msvcp_win.dll
0x00007ffd25410000 - 0x00007ffd2550a000 	C:\WINDOWS\System32\ucrtbase.dll
0x00007ffd14320000 - 0x00007ffd14599000 	C:\WINDOWS\WinSxS\amd64_microsoft.windows.common-controls_6595b64144ccf1df_6.0.17763.1697_none_de7644c45346d6cf\COMCTL32.dll
0x00007ffd26a20000 - 0x00007ffd26d4e000 	C:\WINDOWS\System32\combase.dll
0x00007ffd26330000 - 0x00007ffd263af000 	C:\WINDOWS\System32\bcryptPrimitives.dll
0x00007ffd26460000 - 0x00007ffd2648e000 	C:\WINDOWS\System32\IMM32.DLL
0x00000000718d0000 - 0x00000000719a2000 	D:\Softwares\IDEs\AndroidStudio\jre\jre\bin\msvcr100.dll
0x0000000072340000 - 0x0000000072b8b000 	D:\Softwares\IDEs\AndroidStudio\jre\jre\bin\server\jvm.dll
0x00007ffd28fc0000 - 0x00007ffd28fc8000 	C:\WINDOWS\System32\PSAPI.DLL
0x00007ffd233d0000 - 0x00007ffd233f4000 	C:\WINDOWS\SYSTEM32\WINMM.dll
0x00007ffd209f0000 - 0x00007ffd209fa000 	C:\WINDOWS\SYSTEM32\VERSION.dll
0x00007ffd131e0000 - 0x00007ffd131e9000 	C:\WINDOWS\SYSTEM32\WSOCK32.dll
0x00007ffd28ed0000 - 0x00007ffd28f3d000 	C:\WINDOWS\System32\WS2_32.dll
0x00007ffd23280000 - 0x00007ffd232ad000 	C:\WINDOWS\SYSTEM32\WINMMBASE.dll
0x00007ffd25510000 - 0x00007ffd2555a000 	C:\WINDOWS\System32\cfgmgr32.dll
0x00007ffd12cd0000 - 0x00007ffd12cdf000 	D:\Softwares\IDEs\AndroidStudio\jre\jre\bin\verify.dll
0x00007ffce4cd0000 - 0x00007ffce4cf9000 	D:\Softwares\IDEs\AndroidStudio\jre\jre\bin\java.dll
0x00007ffce4cb0000 - 0x00007ffce4cc6000 	D:\Softwares\IDEs\AndroidStudio\jre\jre\bin\zip.dll
0x00007ffd27600000 - 0x00007ffd28afa000 	C:\WINDOWS\System32\SHELL32.dll
0x00007ffd26780000 - 0x00007ffd26828000 	C:\WINDOWS\System32\shcore.dll
0x00007ffd25b30000 - 0x00007ffd2627b000 	C:\WINDOWS\System32\windows.storage.dll
0x00007ffd251a0000 - 0x00007ffd251c4000 	C:\WINDOWS\System32\profapi.dll
0x00007ffd251d0000 - 0x00007ffd2522d000 	C:\WINDOWS\System32\powrprof.dll
0x00007ffd28f60000 - 0x00007ffd28fb2000 	C:\WINDOWS\System32\shlwapi.dll
0x00007ffd25230000 - 0x00007ffd25241000 	C:\WINDOWS\System32\kernel.appcore.dll
0x00007ffd25250000 - 0x00007ffd25267000 	C:\WINDOWS\System32\cryptsp.dll
0x00007ffce4c90000 - 0x00007ffce4caa000 	D:\Softwares\IDEs\AndroidStudio\jre\jre\bin\net.dll
0x00007ffd24980000 - 0x00007ffd249e7000 	C:\WINDOWS\system32\mswsock.dll
0x00007ffce4c70000 - 0x00007ffce4c83000 	D:\Softwares\IDEs\AndroidStudio\jre\jre\bin\nio.dll
0x00007ffd06310000 - 0x00007ffd06337000 	C:\Users\Moon\.gradle\native\f6784746aeab05261644944871eae4fe03e0ef1612fff0a4a95f87b438bc6780\windows-amd64\native-platform.dll
0x00007ffd12190000 - 0x00007ffd1219d000 	D:\Softwares\IDEs\AndroidStudio\jre\jre\bin\management.dll
0x00007ffd24510000 - 0x00007ffd24543000 	C:\WINDOWS\system32\rsaenh.dll
0x00007ffd25a40000 - 0x00007ffd25a66000 	C:\WINDOWS\System32\bcrypt.dll
0x00007ffd250b0000 - 0x00007ffd250d9000 	C:\WINDOWS\SYSTEM32\USERENV.dll
0x00007ffd24b50000 - 0x00007ffd24b5c000 	C:\WINDOWS\SYSTEM32\CRYPTBASE.dll
0x00007ffd246a0000 - 0x00007ffd246dd000 	C:\WINDOWS\SYSTEM32\IPHLPAPI.DLL
0x00007ffd29140000 - 0x00007ffd29148000 	C:\WINDOWS\System32\NSI.dll
0x00007ffd1bbb0000 - 0x00007ffd1bbc6000 	C:\WINDOWS\SYSTEM32\dhcpcsvc6.DLL
0x00007ffd1dc40000 - 0x00007ffd1dc5c000 	C:\WINDOWS\SYSTEM32\dhcpcsvc.DLL
0x00007ffd246e0000 - 0x00007ffd247a6000 	C:\WINDOWS\SYSTEM32\DNSAPI.dll
0x00007ffd1dd30000 - 0x00007ffd1dd3b000 	C:\WINDOWS\SYSTEM32\WINNSI.DLL

VM Arguments:
jvm_args: -Xmx3072m -Dfile.encoding=windows-1252 -Duser.country=US -Duser.language=en -Duser.variant 
java_command: org.gradle.launcher.daemon.bootstrap.GradleDaemon 6.5
java_class_path (initial): C:\Users\Moon\.gradle\wrapper\dists\gradle-6.5-all\2oz4ud9k3tuxjg84bbf55q0tn\gradle-6.5\lib\gradle-launcher-6.5.jar
Launcher Type: SUN_STANDARD

Environment Variables:
PATH=C:\WINDOWS\system32;C:\WINDOWS;C:\WINDOWS\System32\Wbem;C:\WINDOWS\System32\WindowsPowerShell\v1.0\;C:\WINDOWS\System32\OpenSSH\;C:\Program Files\dotnet\;C:\Program Files\Microsoft SQL Server\130\Tools\Binn\;C:\Program Files\Microsoft SQL Server\Client SDK\ODBC\130\Tools\Binn\;C:\Program Files (x86)\Microsoft SQL Server\140\Tools\Binn\;C:\Program Files\Microsoft SQL Server\140\Tools\Binn\;C:\Program Files\Microsoft SQL Server\140\DTS\Binn\;C:\Program Files (x86)\Microsoft SQL Server\Client SDK\ODBC\130\Tools\Binn\;C:\Program Files (x86)\Microsoft SQL Server\140\DTS\Binn\;C:\Program Files (x86)\Microsoft SQL Server\140\Tools\Binn\ManagementStudio\;C:\Program Files\PuTTY\;C:\Program Files\Git\cmd;C:\Program Files\Git\bin\;C:\Users\Moon\AppData\Local\Android\Sdk\platform-tools;C:\Program Files\Microsoft SQL Server\Client SDK\ODBC\170\Tools\Binn\;C:\Program Files\MySQL\MySQL Shell 8.0\bin\;C:\Users\Moon\.dotnet\tools
USERNAME=Moon
OS=Windows_NT
PROCESSOR_IDENTIFIER=Intel64 Family 6 Model 158 Stepping 11, GenuineIntel



---------------  S Y S T E M  ---------------

OS: Windows 10.0 , 64 bit Build 17763 (10.0.17763.475)

CPU:total 4 (initial active 4) (4 cores per cpu, 1 threads per core) family 6 model 158 stepping 11, cmov, cx8, fxsr, mmx, sse, sse2, sse3, ssse3, sse4.1, sse4.2, popcnt, avx, avx2, aes, clmul, erms, 3dnowpref, lzcnt, tsc, tscinvbit, bmi1, bmi2, adx

Memory: 4k page, physical 16425952k(5510700k free), swap 28886928k(5324k free)

vm_info: OpenJDK 64-Bit Server VM (25.242-b01) for windows-amd64 JRE (1.8.0_242-release-1644-b01), built by "builder" with MS VC++ 10.0 (VS2010)

time: Sat Jan 30 14:27:18 2021
timezone: SE Asia Standard Time
elapsed time: 16344 seconds (0d 4h 32m 24s)

