#
# There is insufficient memory for the Java Runtime Environment to continue.
# Native memory allocation (malloc) failed to allocate 772496 bytes for Chunk::new
# Possible reasons:
#   The system is out of physical RAM or swap space
#   The process is running with CompressedOops enabled, and the Java Heap may be blocking the growth of the native heap
# Possible solutions:
#   Reduce memory load on the system
#   Increase physical memory or swap space
#   Check if swap backing store is full
#   Decrease Java heap size (-Xmx/-Xms)
#   Decrease number of Java threads
#   Decrease Java thread stack sizes (-Xss)
#   Set larger code cache with -XX:ReservedCodeCacheSize=
#   JVM is running with Zero Based Compressed Oops mode in which the Java heap is
#     placed in the first 32GB address space. The Java Heap base address is the
#     maximum limit for the native heap growth. Please use -XX:HeapBaseMinAddress
#     to set the Java Heap base and to place the Java Heap above 32GB virtual address.
# This output file may be truncated or incomplete.
#
#  Out of Memory Error (allocation.cpp:389), pid=3568, tid=0x0000000000003300
#
# JRE version: OpenJDK Runtime Environment (8.0_242-b01) (build 1.8.0_242-release-1644-b01)
# Java VM: OpenJDK 64-Bit Server VM (25.242-b01 mixed mode windows-amd64 compressed oops)
# Failed to write core dump. Minidumps are not enabled by default on client versions of Windows
#

---------------  T H R E A D  ---------------

Current thread (0x00000000195c7800):  JavaThread "C2 CompilerThread0" daemon [_thread_in_native, id=13056, stack(0x000000001ac30000,0x000000001ad30000)]

Stack: [0x000000001ac30000,0x000000001ad30000]
[error occurred during error reporting (printing stack bounds), id 0xc0000005]

Native frames: (J=compiled Java code, j=interpreted, Vv=VM code, C=native code)


Current CompileTask:
C2:  24212 13924       4       com.android.tools.r8.ir.conversion.N::a (866 bytes)


---------------  P R O C E S S  ---------------

Java Threads: ( => current thread )
  0x0000000023a2f800 JavaThread "ForkJoinPool-1-worker-1" daemon [_thread_blocked, id=10400, stack(0x000000002f1c0000,0x000000002f2c0000)]
  0x0000000023a2d000 JavaThread "ForkJoinPool-1-worker-0" daemon [_thread_blocked, id=1608, stack(0x000000002eed0000,0x000000002efd0000)]
  0x00000000213eb800 JavaThread "Exec process Thread 3" [_thread_blocked, id=8796, stack(0x000000002d3f0000,0x000000002d4f0000)]
  0x00000000213ef800 JavaThread "Exec process Thread 2" [_thread_blocked, id=7960, stack(0x000000002d2f0000,0x000000002d3f0000)]
  0x00000000213ee800 JavaThread "Exec process" [_thread_blocked, id=6544, stack(0x000000002d1f0000,0x000000002d2f0000)]
  0x00000000213e9800 JavaThread "Cache worker for execution history cache (D:\Projects\Rora\RoraGame\CloudGaming\FE\Android\Source\.gradle\6.5\executionHistory)" [_thread_blocked, id=11980, stack(0x000000002cef0000,0x000000002cff0000)]
  0x00000000213e4000 JavaThread "Execution worker for ':' Thread 3" [_thread_blocked, id=5180, stack(0x000000002cbf0000,0x000000002ccf0000)]
  0x00000000213e8800 JavaThread "Execution worker for ':' Thread 2" [_thread_blocked, id=15576, stack(0x000000002c8d0000,0x000000002c9d0000)]
  0x00000000213e1000 JavaThread "Execution worker for ':'" [_thread_blocked, id=9408, stack(0x000000002c7d0000,0x000000002c8d0000)]
  0x00000000213e0000 JavaThread "Cache worker for file content cache (D:\Projects\Rora\RoraGame\CloudGaming\FE\Android\Source\.gradle\6.5\fileContent)" [_thread_blocked, id=16376, stack(0x000000002b280000,0x000000002b380000)]
  0x00000000213e7000 JavaThread "Memory manager" [_thread_blocked, id=5600, stack(0x000000002b180000,0x000000002b280000)]
  0x00000000213e5800 JavaThread "Cache worker for Build Output Cleanup Cache (D:\Projects\Rora\RoraGame\CloudGaming\FE\Android\Source\.gradle\buildOutputCleanup)" [_thread_blocked, id=7808, stack(0x000000002a280000,0x000000002a380000)]
  0x00000000213e2800 JavaThread "jar transforms Thread 92" [_thread_blocked, id=11760, stack(0x000000002a180000,0x000000002a280000)]
  0x00000000213e6800 JavaThread "jar transforms Thread 91" [_thread_blocked, id=5360, stack(0x000000002a080000,0x000000002a180000)]
  0x00000000213e5000 JavaThread "jar transforms Thread 90" [_thread_blocked, id=12064, stack(0x0000000029f80000,0x000000002a080000)]
  0x00000000213e2000 JavaThread "jar transforms Thread 89" [_thread_blocked, id=10792, stack(0x0000000029e80000,0x0000000029f80000)]
  0x00000000217c9000 JavaThread "jar transforms Thread 88" [_thread_blocked, id=12348, stack(0x0000000029d80000,0x0000000029e80000)]
  0x00000000217c4800 JavaThread "jar transforms Thread 87" [_thread_blocked, id=15356, stack(0x0000000029c80000,0x0000000029d80000)]
  0x00000000217c3000 JavaThread "jar transforms Thread 86" [_thread_blocked, id=7784, stack(0x0000000029b80000,0x0000000029c80000)]
  0x00000000217c7800 JavaThread "jar transforms Thread 85" [_thread_blocked, id=9916, stack(0x0000000029a80000,0x0000000029b80000)]
  0x00000000217c4000 JavaThread "jar transforms Thread 84" [_thread_blocked, id=7264, stack(0x0000000029980000,0x0000000029a80000)]
  0x00000000217ca000 JavaThread "jar transforms Thread 83" [_thread_blocked, id=9548, stack(0x0000000029880000,0x0000000029980000)]
  0x00000000217c7000 JavaThread "jar transforms Thread 82" [_thread_blocked, id=15640, stack(0x0000000029780000,0x0000000029880000)]
  0x00000000217c6000 JavaThread "jar transforms Thread 81" [_thread_blocked, id=4296, stack(0x0000000029680000,0x0000000029780000)]
  0x00000000217c8800 JavaThread "jar transforms Thread 80" [_thread_blocked, id=9792, stack(0x0000000029580000,0x0000000029680000)]
  0x00000000217c5800 JavaThread "jar transforms Thread 79" [_thread_blocked, id=1352, stack(0x0000000029480000,0x0000000029580000)]
  0x00000000217bc800 JavaThread "jar transforms Thread 78" [_thread_blocked, id=15184, stack(0x0000000029380000,0x0000000029480000)]
  0x00000000217be800 JavaThread "jar transforms Thread 77" [_thread_blocked, id=4336, stack(0x0000000029280000,0x0000000029380000)]
  0x00000000217bd000 JavaThread "jar transforms Thread 76" [_thread_blocked, id=11384, stack(0x0000000029180000,0x0000000029280000)]
  0x00000000217c2800 JavaThread "jar transforms Thread 75" [_thread_blocked, id=9636, stack(0x0000000028d80000,0x0000000028e80000)]
  0x00000000217be000 JavaThread "jar transforms Thread 74" [_thread_blocked, id=13948, stack(0x0000000028c80000,0x0000000028d80000)]
  0x00000000217bf800 JavaThread "jar transforms Thread 73" [_thread_blocked, id=16300, stack(0x0000000028b80000,0x0000000028c80000)]
  0x00000000217bb000 JavaThread "jar transforms Thread 72" [_thread_blocked, id=11612, stack(0x0000000028a80000,0x0000000028b80000)]
  0x00000000217c1800 JavaThread "jar transforms Thread 71" [_thread_blocked, id=11588, stack(0x0000000028980000,0x0000000028a80000)]
  0x00000000217c0000 JavaThread "jar transforms Thread 70" [_thread_blocked, id=3728, stack(0x0000000028880000,0x0000000028980000)]
  0x00000000217c1000 JavaThread "jar transforms Thread 69" [_thread_blocked, id=15604, stack(0x0000000028780000,0x0000000028880000)]
  0x00000000217bb800 JavaThread "jar transforms Thread 68" [_thread_blocked, id=1568, stack(0x0000000028680000,0x0000000028780000)]
  0x00000000219e0800 JavaThread "jar transforms Thread 67" [_thread_blocked, id=12024, stack(0x0000000028580000,0x0000000028680000)]
  0x00000000219e3800 JavaThread "jar transforms Thread 66" [_thread_blocked, id=1912, stack(0x0000000028480000,0x0000000028580000)]
  0x00000000219e6800 JavaThread "jar transforms Thread 65" [_thread_blocked, id=11592, stack(0x0000000028380000,0x0000000028480000)]
  0x00000000219e5000 JavaThread "jar transforms Thread 64" [_thread_blocked, id=6184, stack(0x0000000028280000,0x0000000028380000)]
  0x00000000219e4000 JavaThread "jar transforms Thread 63" [_thread_blocked, id=11644, stack(0x0000000028180000,0x0000000028280000)]
  0x00000000219df800 JavaThread "jar transforms Thread 62" [_thread_blocked, id=14236, stack(0x0000000028080000,0x0000000028180000)]
  0x00000000219e2800 JavaThread "jar transforms Thread 61" [_thread_blocked, id=14732, stack(0x0000000027f80000,0x0000000028080000)]
  0x00000000219e2000 JavaThread "jar transforms Thread 60" [_thread_blocked, id=4820, stack(0x0000000027e80000,0x0000000027f80000)]
  0x00000000219e5800 JavaThread "jar transforms Thread 59" [_thread_blocked, id=1472, stack(0x0000000027d80000,0x0000000027e80000)]
  0x00000000219e1000 JavaThread "jar transforms Thread 58" [_thread_blocked, id=1312, stack(0x0000000027c80000,0x0000000027d80000)]
  0x00000000219d8000 JavaThread "jar transforms Thread 57" [_thread_blocked, id=7900, stack(0x0000000027b80000,0x0000000027c80000)]
  0x00000000219dc800 JavaThread "jar transforms Thread 56" [_thread_blocked, id=15912, stack(0x0000000027a80000,0x0000000027b80000)]
  0x00000000219dc000 JavaThread "jar transforms Thread 55" [_thread_blocked, id=14260, stack(0x0000000027980000,0x0000000027a80000)]
  0x00000000219db000 JavaThread "jar transforms Thread 54" [_thread_blocked, id=9536, stack(0x0000000027880000,0x0000000027980000)]
  0x00000000219de000 JavaThread "jar transforms Thread 53" [_thread_blocked, id=6700, stack(0x0000000027780000,0x0000000027880000)]
  0x00000000219df000 JavaThread "jar transforms Thread 52" [_thread_blocked, id=8996, stack(0x0000000027680000,0x0000000027780000)]
  0x00000000219d9800 JavaThread "jar transforms Thread 51" [_thread_blocked, id=13612, stack(0x0000000027580000,0x0000000027680000)]
  0x00000000219dd800 JavaThread "jar transforms Thread 50" [_thread_blocked, id=2868, stack(0x0000000027480000,0x0000000027580000)]
  0x00000000219d9000 JavaThread "jar transforms Thread 49" [_thread_blocked, id=10816, stack(0x0000000027380000,0x0000000027480000)]
  0x00000000219d7800 JavaThread "jar transforms Thread 48" [_thread_blocked, id=6852, stack(0x0000000027280000,0x0000000027380000)]
  0x00000000219da800 JavaThread "jar transforms Thread 47" [_thread_blocked, id=2628, stack(0x0000000027180000,0x0000000027280000)]
  0x000000002183c000 JavaThread "jar transforms Thread 46" [_thread_blocked, id=6812, stack(0x0000000027080000,0x0000000027180000)]
  0x000000002183b800 JavaThread "jar transforms Thread 45" [_thread_blocked, id=7668, stack(0x0000000026f80000,0x0000000027080000)]
  0x000000002183d800 JavaThread "jar transforms Thread 44" [_thread_blocked, id=6372, stack(0x0000000026e80000,0x0000000026f80000)]
  0x000000002183a800 JavaThread "jar transforms Thread 43" [_thread_blocked, id=4756, stack(0x0000000026d80000,0x0000000026e80000)]
  0x000000002183e800 JavaThread "jar transforms Thread 42" [_thread_blocked, id=11024, stack(0x0000000026c80000,0x0000000026d80000)]
  0x000000002183d000 JavaThread "jar transforms Thread 41" [_thread_blocked, id=13700, stack(0x0000000026b80000,0x0000000026c80000)]
  0x000000002183a000 JavaThread "jar transforms Thread 40" [_thread_blocked, id=7368, stack(0x0000000026a80000,0x0000000026b80000)]
  0x0000000021832800 JavaThread "jar transforms Thread 39" [_thread_blocked, id=8300, stack(0x0000000026980000,0x0000000026a80000)]
  0x0000000021839000 JavaThread "jar transforms Thread 38" [_thread_blocked, id=14092, stack(0x0000000026880000,0x0000000026980000)]
  0x0000000021838800 JavaThread "jar transforms Thread 37" [_thread_blocked, id=6204, stack(0x0000000026780000,0x0000000026880000)]
  0x0000000021837800 JavaThread "jar transforms Thread 36" [_thread_blocked, id=12284, stack(0x0000000026680000,0x0000000026780000)]
  0x0000000021830000 JavaThread "jar transforms Thread 35" [_thread_blocked, id=13632, stack(0x0000000026580000,0x0000000026680000)]
  0x0000000021837000 JavaThread "jar transforms Thread 34" [_thread_blocked, id=6036, stack(0x0000000026480000,0x0000000026580000)]
  0x0000000021831800 JavaThread "jar transforms Thread 33" [_thread_blocked, id=16324, stack(0x0000000026380000,0x0000000026480000)]
  0x0000000021831000 JavaThread "jar transforms Thread 32" [_thread_blocked, id=3752, stack(0x0000000026280000,0x0000000026380000)]
  0x000000002182f800 JavaThread "jar transforms Thread 31" [_thread_blocked, id=1484, stack(0x0000000026180000,0x0000000026280000)]
  0x0000000021836000 JavaThread "jar transforms Thread 30" [_thread_blocked, id=4088, stack(0x0000000026080000,0x0000000026180000)]
  0x0000000021835800 JavaThread "jar transforms Thread 29" [_thread_blocked, id=9696, stack(0x0000000025f80000,0x0000000026080000)]
  0x0000000021833000 JavaThread "jar transforms Thread 28" [_thread_blocked, id=8268, stack(0x0000000025e80000,0x0000000025f80000)]
  0x0000000021834000 JavaThread "jar transforms Thread 27" [_thread_blocked, id=3368, stack(0x0000000025d80000,0x0000000025e80000)]
  0x0000000021834800 JavaThread "jar transforms Thread 26" [_thread_blocked, id=14472, stack(0x0000000025c80000,0x0000000025d80000)]
  0x000000001c93b800 JavaThread "jar transforms Thread 25" [_thread_blocked, id=2824, stack(0x0000000025b80000,0x0000000025c80000)]
  0x000000001c93a000 JavaThread "jar transforms Thread 24" [_thread_blocked, id=14960, stack(0x0000000025a80000,0x0000000025b80000)]
  0x000000001c938000 JavaThread "jar transforms Thread 23" [_thread_blocked, id=3136, stack(0x0000000025980000,0x0000000025a80000)]
  0x000000001c939800 JavaThread "jar transforms Thread 22" [_thread_blocked, id=14836, stack(0x0000000025880000,0x0000000025980000)]
  0x000000001c93b000 JavaThread "jar transforms Thread 21" [_thread_blocked, id=7984, stack(0x0000000025780000,0x0000000025880000)]
  0x000000001c937000 JavaThread "jar transforms Thread 20" [_thread_blocked, id=3168, stack(0x0000000025680000,0x0000000025780000)]
  0x000000001c93e000 JavaThread "jar transforms Thread 19" [_thread_blocked, id=13124, stack(0x0000000025580000,0x0000000025680000)]
  0x000000001c93d000 JavaThread "jar transforms Thread 18" [_thread_blocked, id=11128, stack(0x0000000025480000,0x0000000025580000)]
  0x000000001c938800 JavaThread "jar transforms Thread 17" [_thread_blocked, id=848, stack(0x0000000025380000,0x0000000025480000)]
  0x000000001c93c800 JavaThread "jar transforms Thread 16" [_thread_blocked, id=12964, stack(0x0000000025280000,0x0000000025380000)]
  0x000000001d2c3800 JavaThread "jar transforms Thread 15" [_thread_blocked, id=10756, stack(0x0000000025180000,0x0000000025280000)]
  0x000000001d2c1000 JavaThread "jar transforms Thread 14" [_thread_blocked, id=8840, stack(0x0000000025080000,0x0000000025180000)]
  0x000000001d2c0800 JavaThread "jar transforms Thread 13" [_thread_blocked, id=10924, stack(0x0000000024f80000,0x0000000025080000)]
  0x000000001d2bf800 JavaThread "jar transforms Thread 12" [_thread_blocked, id=16356, stack(0x0000000024e80000,0x0000000024f80000)]
  0x000000001d2c2800 JavaThread "jar transforms Thread 11" [_thread_blocked, id=2088, stack(0x0000000024d80000,0x0000000024e80000)]
  0x000000001d2c5000 JavaThread "jar transforms Thread 10" [_thread_blocked, id=10068, stack(0x0000000024c80000,0x0000000024d80000)]
  0x000000001d2bf000 JavaThread "jar transforms Thread 9" [_thread_blocked, id=8932, stack(0x0000000024b80000,0x0000000024c80000)]
  0x000000001d2c4000 JavaThread "jar transforms Thread 8" [_thread_blocked, id=9036, stack(0x0000000024a80000,0x0000000024b80000)]
  0x000000001d2c2000 JavaThread "jar transforms Thread 7" [_thread_blocked, id=1404, stack(0x0000000024980000,0x0000000024a80000)]
  0x000000001d2b7800 JavaThread "jar transforms Thread 6" [_thread_blocked, id=4536, stack(0x0000000024880000,0x0000000024980000)]
  0x000000001d2be000 JavaThread "jar transforms Thread 5" [_thread_blocked, id=1788, stack(0x0000000024780000,0x0000000024880000)]
  0x000000001d2b8000 JavaThread "jar transforms Thread 4" [_thread_blocked, id=7540, stack(0x0000000024680000,0x0000000024780000)]
  0x000000001d2bc000 JavaThread "jar transforms Thread 3" [_thread_blocked, id=7640, stack(0x0000000024580000,0x0000000024680000)]
  0x000000001d2b6800 JavaThread "jar transforms Thread 2" [_thread_blocked, id=7664, stack(0x0000000024480000,0x0000000024580000)]
  0x000000001d2bd800 JavaThread "Build operations Thread 4" [_thread_blocked, id=11580, stack(0x0000000024380000,0x0000000024480000)]
  0x000000001d2ba800 JavaThread "Build operations Thread 3" [_thread_blocked, id=8664, stack(0x0000000024280000,0x0000000024380000)]
  0x000000001d2b9000 JavaThread "Build operations Thread 2" [_thread_blocked, id=12840, stack(0x0000000024180000,0x0000000024280000)]
  0x000000001d2b6000 JavaThread "Build operations" [_thread_blocked, id=13292, stack(0x0000000024080000,0x0000000024180000)]
  0x000000001d289800 JavaThread "Cache worker for file content cache (C:\Users\Moon\.gradle\caches\6.5\fileContent)" [_thread_blocked, id=10060, stack(0x00000000229b0000,0x0000000022ab0000)]
  0x000000001d286000 JavaThread "jar transforms" [_thread_blocked, id=6364, stack(0x00000000228b0000,0x00000000229b0000)]
  0x000000001d289000 JavaThread "Cache worker for execution history cache (C:\Users\Moon\.gradle\caches\6.5\executionHistory)" [_thread_blocked, id=10280, stack(0x00000000221b0000,0x00000000222b0000)]
  0x000000001d288000 JavaThread "Cache worker for cache directory md-rule (C:\Users\Moon\.gradle\caches\6.5\md-rule)" [_thread_blocked, id=9480, stack(0x00000000220b0000,0x00000000221b0000)]
  0x000000001d287800 JavaThread "Cache worker for cache directory md-supplier (C:\Users\Moon\.gradle\caches\6.5\md-supplier)" [_thread_blocked, id=9436, stack(0x0000000021fb0000,0x00000000220b0000)]
  0x000000001d28c000 JavaThread "Cache worker for checksums cache (D:\Projects\Rora\RoraGame\CloudGaming\FE\Android\Source\.gradle\checksums)" [_thread_blocked, id=15048, stack(0x0000000021eb0000,0x0000000021fb0000)]
  0x000000001d286800 JavaThread "Cache worker for file hash cache (D:\Projects\Rora\RoraGame\CloudGaming\FE\Android\Source\.gradle\6.5\fileHashes)" [_thread_blocked, id=16268, stack(0x0000000020bb0000,0x0000000020cb0000)]
  0x000000001d28c800 JavaThread "Cache worker for file hash cache (C:\Users\Moon\.gradle\caches\6.5\fileHashes)" [_thread_blocked, id=6300, stack(0x000000001f650000,0x000000001f750000)]
  0x000000001d28b000 JavaThread "File lock request listener" [_thread_in_native, id=8388, stack(0x000000001f550000,0x000000001f650000)]
  0x000000001affb800 JavaThread "Cache worker for journal cache (C:\Users\Moon\.gradle\caches\journal-1)" [_thread_blocked, id=2948, stack(0x000000001f350000,0x000000001f450000)]
  0x000000001d38c000 JavaThread "Thread-9" [_thread_blocked, id=5792, stack(0x000000001f050000,0x000000001f150000)]
  0x000000001d17a000 JavaThread "Stdin handler" [_thread_blocked, id=14168, stack(0x000000001ef50000,0x000000001f050000)]
  0x000000001d219000 JavaThread "Asynchronous log dispatcher for DefaultDaemonConnection: socket connection from /127.0.0.1:58097 to /127.0.0.1:58098" [_thread_blocked, id=13596, stack(0x000000001ee50000,0x000000001ef50000)]
  0x000000001d12f000 JavaThread "Daemon worker" [_thread_blocked, id=11724, stack(0x000000001ed50000,0x000000001ee50000)]
  0x000000001d12e800 JavaThread "Cancel handler" [_thread_blocked, id=3992, stack(0x000000001ec50000,0x000000001ed50000)]
  0x000000001d10a800 JavaThread "Handler for socket connection from /127.0.0.1:58097 to /127.0.0.1:58098" [_thread_in_native, id=15772, stack(0x000000001e950000,0x000000001ea50000)]
  0x000000001d108000 JavaThread "Daemon" [_thread_blocked, id=13852, stack(0x000000001e850000,0x000000001e950000)]
  0x000000001d0ea800 JavaThread "Daemon periodic checks" [_thread_blocked, id=1400, stack(0x000000001e750000,0x000000001e850000)]
  0x000000001d0e9000 JavaThread "Incoming local TCP Connector on port 58097" [_thread_in_native, id=3284, stack(0x000000001e510000,0x000000001e610000)]
  0x000000001d007000 JavaThread "Daemon health stats" [_thread_blocked, id=11176, stack(0x000000001ded0000,0x000000001dfd0000)]
  0x000000001af60800 JavaThread "Service Thread" daemon [_thread_blocked, id=15616, stack(0x000000001b330000,0x000000001b430000)]
  0x00000000195cf000 JavaThread "C1 CompilerThread2" daemon [_thread_blocked, id=12040, stack(0x000000001ae30000,0x000000001af30000)]
  0x00000000195cb000 JavaThread "C2 CompilerThread1" daemon [_thread_in_native, id=15292, stack(0x000000001ad30000,0x000000001ae30000)]
=>0x00000000195c7800 JavaThread "C2 CompilerThread0" daemon [_thread_in_native, id=13056, stack(0x000000001ac30000,0x000000001ad30000)]
  0x00000000195c5800 JavaThread "Attach Listener" daemon [_thread_blocked, id=15956, stack(0x000000001ab30000,0x000000001ac30000)]
  0x00000000195c4800 JavaThread "Signal Dispatcher" daemon [_thread_blocked, id=11236, stack(0x000000001aa30000,0x000000001ab30000)]
  0x000000000244b800 JavaThread "Finalizer" daemon [_thread_blocked, id=16304, stack(0x000000001a830000,0x000000001a930000)]
  0x0000000002443000 JavaThread "Reference Handler" daemon [_thread_blocked, id=4264, stack(0x000000001a730000,0x000000001a830000)]
  0x000000000234e800 JavaThread "main" [_thread_blocked, id=2400, stack(0x00000000021d0000,0x00000000022d0000)]

Other Threads:
  0x0000000019586800 VMThread [stack: 0x000000001a630000,0x000000001a730000] [id=8552]
  0x000000001961c000 WatcherThread [stack: 0x000000001b430000,0x000000001b530000] [id=15908]

VM state:not at safepoint (normal execution)

VM Mutex/Monitor currently owned by a thread: None

heap address: 0x0000000700000000, size: 3072 MB, Compressed Oops mode: Zero based, Oop shift amount: 3
Narrow klass base: 0x0000000000000000, Narrow klass shift: 3
Compressed class space size: 1073741824 Address: 0x00000007c0000000

Heap:
 PSYoungGen      total 363008K, used 214251K [0x0000000780000000, 0x00000007a5e00000, 0x00000007c0000000)
  eden space 293888K, 72% used [0x0000000780000000,0x000000078d13af90,0x0000000791f00000)
  from space 69120K, 0% used [0x0000000791f00000,0x0000000791f00000,0x0000000796280000)
  to   space 104960K, 0% used [0x000000079f780000,0x000000079f780000,0x00000007a5e00000)
 ParOldGen       total 216064K, used 215622K [0x0000000700000000, 0x000000070d300000, 0x0000000780000000)
  object space 216064K, 99% used [0x0000000700000000,0x000000070d291978,0x000000070d300000)
 Metaspace       used 80035K, capacity 84872K, committed 85016K, reserved 1122304K
  class space    used 10974K, capacity 11812K, committed 11824K, reserved 1048576K

Card table byte_map: [0x0000000011810000,0x0000000011e20000] byte_map_base: 0x000000000e010000

Marking Bits: (ParMarkBitMap*) 0x0000000072b0f030
 Begin Bits: [0x0000000012620000, 0x0000000015620000)
 End Bits:   [0x0000000015620000, 0x0000000018620000)

Polling page: 0x0000000000410000

CodeCache: size=245760Kb used=37306Kb max_used=37306Kb free=208453Kb
 bounds [0x0000000002450000, 0x00000000048f0000, 0x0000000011450000]
 total_blobs=12510 nmethods=11678 adapters=742
 compilation: enabled

Compilation events (10 events):
Event: 24.210 Thread 0x00000000195cf000 nmethod 14073 0x00000000048d8d90 code [0x00000000048d8ee0, 0x00000000048d8ff0]
Event: 24.211 Thread 0x00000000195cf000 14074       3       java.util.stream.StreamSpliterators$WrappingSpliterator$$Lambda$669/533563209::getAsBoolean (8 bytes)
Event: 24.211 Thread 0x00000000195cf000 nmethod 14074 0x00000000048d9050 code [0x00000000048d91c0, 0x00000000048d9468]
Event: 24.211 Thread 0x00000000195cf000 14075       3       com.android.tools.r8.s.b.s::Q2 (14 bytes)
Event: 24.211 Thread 0x00000000195cf000 nmethod 14075 0x00000000048d9590 code [0x00000000048d9700, 0x00000000048d9a08]
Event: 24.211 Thread 0x00000000195cf000 14076       1       com.android.tools.r8.s.b.Y0::G2 (4 bytes)
Event: 24.211 Thread 0x00000000195cf000 nmethod 14076 0x00000000048d9ad0 code [0x00000000048d9c20, 0x00000000048d9d30]
Event: 24.212 Thread 0x00000000195cf000 14077       3       com.android.tools.r8.ir.regalloc.a::g (12 bytes)
Event: 24.212 Thread 0x00000000195cf000 nmethod 14077 0x00000000048d9d90 code [0x00000000048d9f00, 0x00000000048da128]
Event: 24.212 Thread 0x00000000195cf000 14084       3       com.android.tools.r8.s.b.s::O2 (14 bytes)

GC Heap History (10 events):
Event: 13.867 GC heap before
{Heap before GC invocations=20 (full 5):
 PSYoungGen      total 363008K, used 305477K [0x0000000780000000, 0x00000007a5e00000, 0x00000007c0000000)
  eden space 293888K, 100% used [0x0000000780000000,0x0000000791f00000,0x0000000791f00000)
  from space 69120K, 16% used [0x0000000791f00000,0x0000000792a51638,0x0000000796280000)
  to   space 104960K, 0% used [0x000000079f780000,0x000000079f780000,0x00000007a5e00000)
 ParOldGen       total 216064K, used 215990K [0x0000000700000000, 0x000000070d300000, 0x0000000780000000)
  object space 216064K, 99% used [0x0000000700000000,0x000000070d2edbd8,0x000000070d300000)
 Metaspace       used 72279K, capacity 75888K, committed 76056K, reserved 1114112K
  class space    used 9853K, capacity 10514K, committed 10544K, reserved 1048576K
Event: 14.778 GC heap after
Heap after GC invocations=20 (full 5):
 PSYoungGen      total 363008K, used 17497K [0x0000000780000000, 0x00000007a5e00000, 0x00000007c0000000)
  eden space 293888K, 5% used [0x0000000780000000,0x00000007811164e0,0x0000000791f00000)
  from space 69120K, 0% used [0x0000000791f00000,0x0000000791f00000,0x0000000796280000)
  to   space 104960K, 0% used [0x000000079f780000,0x000000079f780000,0x00000007a5e00000)
 ParOldGen       total 216064K, used 216034K [0x0000000700000000, 0x000000070d300000, 0x0000000780000000)
  object space 216064K, 99% used [0x0000000700000000,0x000000070d2f8a78,0x000000070d300000)
 Metaspace       used 72279K, capacity 75888K, committed 76056K, reserved 1114112K
  class space    used 9853K, capacity 10514K, committed 10544K, reserved 1048576K
}
Event: 15.350 GC heap before
{Heap before GC invocations=21 (full 6):
 PSYoungGen      total 363008K, used 293888K [0x0000000780000000, 0x00000007a5e00000, 0x00000007c0000000)
  eden space 293888K, 100% used [0x0000000780000000,0x0000000791f00000,0x0000000791f00000)
  from space 69120K, 0% used [0x0000000791f00000,0x0000000791f00000,0x0000000796280000)
  to   space 104960K, 0% used [0x000000079f780000,0x000000079f780000,0x00000007a5e00000)
 ParOldGen       total 216064K, used 216034K [0x0000000700000000, 0x000000070d300000, 0x0000000780000000)
  object space 216064K, 99% used [0x0000000700000000,0x000000070d2f8a78,0x000000070d300000)
 Metaspace       used 72358K, capacity 75966K, committed 76056K, reserved 1114112K
  class space    used 9859K, capacity 10517K, committed 10544K, reserved 1048576K
Event: 16.491 GC heap after
Heap after GC invocations=21 (full 6):
 PSYoungGen      total 363008K, used 58693K [0x0000000780000000, 0x00000007a5e00000, 0x00000007c0000000)
  eden space 293888K, 19% used [0x0000000780000000,0x0000000783951450,0x0000000791f00000)
  from space 69120K, 0% used [0x0000000791f00000,0x0000000791f00000,0x0000000796280000)
  to   space 104960K, 0% used [0x000000079f780000,0x000000079f780000,0x00000007a5e00000)
 ParOldGen       total 216064K, used 216063K [0x0000000700000000, 0x000000070d300000, 0x0000000780000000)
  object space 216064K, 99% used [0x0000000700000000,0x000000070d2ffe18,0x000000070d300000)
 Metaspace       used 72358K, capacity 75966K, committed 76056K, reserved 1114112K
  class space    used 9859K, capacity 10517K, committed 10544K, reserved 1048576K
}
Event: 17.055 GC heap before
{Heap before GC invocations=22 (full 7):
 PSYoungGen      total 363008K, used 293888K [0x0000000780000000, 0x00000007a5e00000, 0x00000007c0000000)
  eden space 293888K, 100% used [0x0000000780000000,0x0000000791f00000,0x0000000791f00000)
  from space 69120K, 0% used [0x0000000791f00000,0x0000000791f00000,0x0000000796280000)
  to   space 104960K, 0% used [0x000000079f780000,0x000000079f780000,0x00000007a5e00000)
 ParOldGen       total 216064K, used 216063K [0x0000000700000000, 0x000000070d300000, 0x0000000780000000)
  object space 216064K, 99% used [0x0000000700000000,0x000000070d2ffe18,0x000000070d300000)
 Metaspace       used 72388K, capacity 75980K, committed 76056K, reserved 1114112K
  class space    used 9860K, capacity 10518K, committed 10544K, reserved 1048576K
Event: 18.672 GC heap after
Heap after GC invocations=22 (full 7):
 PSYoungGen      total 363008K, used 94383K [0x0000000780000000, 0x00000007a5e00000, 0x00000007c0000000)
  eden space 293888K, 32% used [0x0000000780000000,0x0000000785c2bca0,0x0000000791f00000)
  from space 69120K, 0% used [0x0000000791f00000,0x0000000791f00000,0x0000000796280000)
  to   space 104960K, 0% used [0x000000079f780000,0x000000079f780000,0x00000007a5e00000)
 ParOldGen       total 216064K, used 216021K [0x0000000700000000, 0x000000070d300000, 0x0000000780000000)
  object space 216064K, 99% used [0x0000000700000000,0x000000070d2f5740,0x000000070d300000)
 Metaspace       used 72388K, capacity 75980K, committed 76056K, reserved 1114112K
  class space    used 9860K, capacity 10518K, committed 10544K, reserved 1048576K
}
Event: 19.652 GC heap before
{Heap before GC invocations=23 (full 8):
 PSYoungGen      total 363008K, used 293888K [0x0000000780000000, 0x00000007a5e00000, 0x00000007c0000000)
  eden space 293888K, 100% used [0x0000000780000000,0x0000000791f00000,0x0000000791f00000)
  from space 69120K, 0% used [0x0000000791f00000,0x0000000791f00000,0x0000000796280000)
  to   space 104960K, 0% used [0x000000079f780000,0x000000079f780000,0x00000007a5e00000)
 ParOldGen       total 216064K, used 216021K [0x0000000700000000, 0x000000070d300000, 0x0000000780000000)
  object space 216064K, 99% used [0x0000000700000000,0x000000070d2f5740,0x000000070d300000)
 Metaspace       used 75768K, capacity 79632K, committed 79768K, reserved 1118208K
  class space    used 10424K, capacity 11130K, committed 11184K, reserved 1048576K
Event: 20.910 GC heap after
Heap after GC invocations=23 (full 8):
 PSYoungGen      total 363008K, used 109593K [0x0000000780000000, 0x00000007a5e00000, 0x00000007c0000000)
  eden space 293888K, 37% used [0x0000000780000000,0x0000000786b06588,0x0000000791f00000)
  from space 69120K, 0% used [0x0000000791f00000,0x0000000791f00000,0x0000000796280000)
  to   space 104960K, 0% used [0x000000079f780000,0x000000079f780000,0x00000007a5e00000)
 ParOldGen       total 216064K, used 215986K [0x0000000700000000, 0x000000070d300000, 0x0000000780000000)
  object space 216064K, 99% used [0x0000000700000000,0x000000070d2ecbd0,0x000000070d300000)
 Metaspace       used 75768K, capacity 79632K, committed 79768K, reserved 1118208K
  class space    used 10424K, capacity 11130K, committed 11184K, reserved 1048576K
}
Event: 22.020 GC heap before
{Heap before GC invocations=24 (full 9):
 PSYoungGen      total 363008K, used 293888K [0x0000000780000000, 0x00000007a5e00000, 0x00000007c0000000)
  eden space 293888K, 100% used [0x0000000780000000,0x0000000791f00000,0x0000000791f00000)
  from space 69120K, 0% used [0x0000000791f00000,0x0000000791f00000,0x0000000796280000)
  to   space 104960K, 0% used [0x000000079f780000,0x000000079f780000,0x00000007a5e00000)
 ParOldGen       total 216064K, used 215986K [0x0000000700000000, 0x000000070d300000, 0x0000000780000000)
  object space 216064K, 99% used [0x0000000700000000,0x000000070d2ecbd0,0x000000070d300000)
 Metaspace       used 77835K, capacity 82312K, committed 82456K, reserved 1120256K
  class space    used 10687K, capacity 11488K, committed 11568K, reserved 1048576K
Event: 22.945 GC heap after
Heap after GC invocations=24 (full 9):
 PSYoungGen      total 363008K, used 41141K [0x0000000780000000, 0x00000007a5e00000, 0x00000007c0000000)
  eden space 293888K, 13% used [0x0000000780000000,0x000000078282d7e0,0x0000000791f00000)
  from space 69120K, 0% used [0x0000000791f00000,0x0000000791f00000,0x0000000796280000)
  to   space 104960K, 0% used [0x000000079f780000,0x000000079f780000,0x00000007a5e00000)
 ParOldGen       total 216064K, used 215622K [0x0000000700000000, 0x000000070d300000, 0x0000000780000000)
  object space 216064K, 99% used [0x0000000700000000,0x000000070d291978,0x000000070d300000)
 Metaspace       used 77826K, capacity 82282K, committed 82456K, reserved 1120256K
  class space    used 10684K, capacity 11483K, committed 11568K, reserved 1048576K
}

Deoptimization events (10 events):
Event: 24.170 Thread 0x0000000023a2d000 Uncommon trap: reason=class_check action=maybe_recompile pc=0x00000000042e48c4 method=com.android.tools.r8.s.b.u.size()I @ 42
Event: 24.170 Thread 0x0000000023a2d000 Uncommon trap: reason=class_check action=maybe_recompile pc=0x00000000042e48c4 method=com.android.tools.r8.s.b.u.size()I @ 42
Event: 24.177 Thread 0x0000000023a2d000 Uncommon trap: reason=class_check action=maybe_recompile pc=0x0000000003f33450 method=com.android.tools.r8.s.b.u.size()I @ 42
Event: 24.192 Thread 0x0000000023a2d000 Uncommon trap: reason=unstable_if action=reinterpret pc=0x0000000003efae08 method=com.android.tools.r8.utils.T.a(C)Z @ 45
Event: 24.197 Thread 0x0000000023a2d000 Uncommon trap: reason=bimorphic action=maybe_recompile pc=0x0000000003ffb0a4 method=com.android.tools.r8.s.b.s1.a(Lcom/android/tools/r8/s/a/p/u;)Lcom/android/tools/r8/s/b/s1; @ 23
Event: 24.197 Thread 0x0000000023a2d000 Uncommon trap: reason=bimorphic action=maybe_recompile pc=0x0000000003ffb0a4 method=com.android.tools.r8.s.b.s1.a(Lcom/android/tools/r8/s/a/p/u;)Lcom/android/tools/r8/s/b/s1; @ 23
Event: 24.197 Thread 0x0000000023a2d000 Uncommon trap: reason=bimorphic action=maybe_recompile pc=0x0000000003ffb0a4 method=com.android.tools.r8.s.b.s1.a(Lcom/android/tools/r8/s/a/p/u;)Lcom/android/tools/r8/s/b/s1; @ 23
Event: 24.197 Thread 0x0000000023a2d000 Uncommon trap: reason=bimorphic action=maybe_recompile pc=0x0000000003ffb0a4 method=com.android.tools.r8.s.b.s1.a(Lcom/android/tools/r8/s/a/p/u;)Lcom/android/tools/r8/s/b/s1; @ 23
Event: 24.197 Thread 0x0000000023a2d000 Uncommon trap: reason=bimorphic action=maybe_recompile pc=0x0000000003ff3638 method=com.android.tools.r8.s.b.s1.a(Lcom/android/tools/r8/s/a/p/u;)Lcom/android/tools/r8/s/b/s1; @ 23
Event: 24.211 Thread 0x0000000023a2f800 Uncommon trap: reason=bimorphic action=maybe_recompile pc=0x00000000038997bc method=java.util.HashMap.removeNode(ILjava/lang/Object;Ljava/lang/Object;ZZ)Ljava/util/HashMap$Node; @ 283

Classes redefined (0 events):
No events

Internal exceptions (10 events):
Event: 13.686 Thread 0x00000000213e1000 Implicit null exception at 0x00000000041dfd53 to 0x00000000041dff89
Event: 19.007 Thread 0x00000000213e1000 Exception <a 'java/lang/NoSuchMethodError': java.lang.Object.b(Lcom/android/tools/r8/graph/p1$b;)Lcom/android/tools/r8/graph/p1$b;> (0x000000078c06adf8) thrown at [C:\src\AOSP-openjdk-git\hotspot\src\share\vm\interpreter\linkResolver.cpp, line 620]
Event: 19.579 Thread 0x00000000213e1000 Exception <a 'java/lang/ClassCastException': kotlin.reflect.jvm.internal.ReflectionFactoryImpl cannot be cast to com.android.tools.r8.v.a.s.c.j> (0x00000007919ea898) thrown at [C:\src\AOSP-openjdk-git\hotspot\src\share\vm\interpreter\interpreterRuntime.cp
Event: 21.114 Thread 0x00000000213e1000 Exception <a 'java/lang/NoSuchMethodError': java.lang.Object.a(Lcom/android/tools/r8/graph/k1;Lcom/android/tools/r8/graph/k1;)I> (0x00000007875bb348) thrown at [C:\src\AOSP-openjdk-git\hotspot\src\share\vm\interpreter\linkResolver.cpp, line 620]
Event: 21.224 Thread 0x00000000213e1000 Exception <a 'java/lang/IncompatibleClassChangeError': Found class java.lang.Object, but interface was expected> (0x00000007881ebb28) thrown at [C:\src\AOSP-openjdk-git\hotspot\src\share\vm\interpreter\linkResolver.cpp, line 653]
Event: 21.913 Thread 0x00000000213e1000 Exception <a 'java/lang/IncompatibleClassChangeError': Found class java.lang.Object, but interface was expected> (0x0000000790705eb8) thrown at [C:\src\AOSP-openjdk-git\hotspot\src\share\vm\interpreter\linkResolver.cpp, line 653]
Event: 23.739 Thread 0x0000000023a2d000 Exception <a 'java/lang/NoSuchMethodError': java.lang.Object.lambda$comparingInt$7b0bb60$1(Ljava/util/function/ToIntFunction;Ljava/lang/Object;Ljava/lang/Object;)I> (0x000000078b012c28) thrown at [C:\src\AOSP-openjdk-git\hotspot\src\share\vm\interpreter\l
Event: 23.739 Thread 0x0000000023a2f800 Exception <a 'java/lang/NoSuchMethodError': java.lang.Object.lambda$comparingInt$7b0bb60$1(Ljava/util/function/ToIntFunction;Ljava/lang/Object;Ljava/lang/Object;)I> (0x000000078b07b078) thrown at [C:\src\AOSP-openjdk-git\hotspot\src\share\vm\interpreter\l
Event: 23.739 Thread 0x0000000023a2f800 Exception <a 'java/lang/NoSuchMethodError': java.lang.Object.lambda$maxBy$1(Ljava/util/Comparator;Ljava/lang/Object;Ljava/lang/Object;)Ljava/lang/Object;> (0x000000078b07ebe8) thrown at [C:\src\AOSP-openjdk-git\hotspot\src\share\vm\interpreter\linkResolve
Event: 23.739 Thread 0x0000000023a2d000 Exception <a 'java/lang/NoSuchMethodError': java.lang.Object.lambda$maxBy$1(Ljava/util/Comparator;Ljava/lang/Object;Ljava/lang/Object;)Ljava/lang/Object;> (0x000000078b016d08) thrown at [C:\src\AOSP-openjdk-git\hotspot\src\share\vm\interpreter\linkResolve

Events (10 events):
Event: 24.197 Thread 0x0000000023a2d000 DEOPT PACKING pc=0x0000000003ffb0a4 sp=0x000000002efce6d0
Event: 24.197 Thread 0x0000000023a2d000 DEOPT UNPACKING pc=0x000000000249557b sp=0x000000002efce618 mode 2
Event: 24.197 Thread 0x0000000023a2d000 Uncommon trap: trap_request=0xffffffc6 fr.pc=0x0000000003ff3638
Event: 24.197 Thread 0x0000000023a2d000 DEOPT PACKING pc=0x0000000003ff3638 sp=0x000000002efce660
Event: 24.197 Thread 0x0000000023a2d000 DEOPT UNPACKING pc=0x000000000249557b sp=0x000000002efce608 mode 2
Event: 24.198 Executing VM operation: ForceSafepoint
Event: 24.199 Executing VM operation: ForceSafepoint done
Event: 24.211 Thread 0x0000000023a2f800 Uncommon trap: trap_request=0xffffffc6 fr.pc=0x00000000038997bc
Event: 24.211 Thread 0x0000000023a2f800 DEOPT PACKING pc=0x00000000038997bc sp=0x000000002f2be430
Event: 24.211 Thread 0x0000000023a2f800 DEOPT UNPACKING pc=0x000000000249557b sp=0x000000002f2be390 mode 2


Dynamic libraries:
0x00007ff742b50000 - 0x00007ff742b81000 	D:\Softwares\IDEs\AndroidStudio\jre\bin\java.exe
0x00007ffd29180000 - 0x00007ffd2936d000 	C:\WINDOWS\SYSTEM32\ntdll.dll
0x00007ffd28e10000 - 0x00007ffd28ec3000 	C:\WINDOWS\System32\KERNEL32.DLL
0x00007ffd257a0000 - 0x00007ffd25a35000 	C:\WINDOWS\System32\KERNELBASE.dll
0x00007ffd263b0000 - 0x00007ffd26453000 	C:\WINDOWS\System32\ADVAPI32.dll
0x00007ffd27080000 - 0x00007ffd2711e000 	C:\WINDOWS\System32\msvcrt.dll
0x00007ffd26fd0000 - 0x00007ffd2706f000 	C:\WINDOWS\System32\sechost.dll
0x00007ffd26900000 - 0x00007ffd26a20000 	C:\WINDOWS\System32\RPCRT4.dll
0x00007ffd26d50000 - 0x00007ffd26ee7000 	C:\WINDOWS\System32\USER32.dll
0x00007ffd25a70000 - 0x00007ffd25a90000 	C:\WINDOWS\System32\win32u.dll
0x00007ffd26fa0000 - 0x00007ffd26fc9000 	C:\WINDOWS\System32\GDI32.dll
0x00007ffd25270000 - 0x00007ffd2540c000 	C:\WINDOWS\System32\gdi32full.dll
0x00007ffd25a90000 - 0x00007ffd25b30000 	C:\WINDOWS\System32\msvcp_win.dll
0x00007ffd25410000 - 0x00007ffd2550a000 	C:\WINDOWS\System32\ucrtbase.dll
0x00007ffd14320000 - 0x00007ffd14599000 	C:\WINDOWS\WinSxS\amd64_microsoft.windows.common-controls_6595b64144ccf1df_6.0.17763.1697_none_de7644c45346d6cf\COMCTL32.dll
0x00007ffd26a20000 - 0x00007ffd26d4e000 	C:\WINDOWS\System32\combase.dll
0x00007ffd26330000 - 0x00007ffd263af000 	C:\WINDOWS\System32\bcryptPrimitives.dll
0x00007ffd26460000 - 0x00007ffd2648e000 	C:\WINDOWS\System32\IMM32.DLL
0x00000000718d0000 - 0x00000000719a2000 	D:\Softwares\IDEs\AndroidStudio\jre\jre\bin\msvcr100.dll
0x0000000072340000 - 0x0000000072b8b000 	D:\Softwares\IDEs\AndroidStudio\jre\jre\bin\server\jvm.dll
0x00007ffd28fc0000 - 0x00007ffd28fc8000 	C:\WINDOWS\System32\PSAPI.DLL
0x00007ffd131e0000 - 0x00007ffd131e9000 	C:\WINDOWS\SYSTEM32\WSOCK32.dll
0x00007ffd233d0000 - 0x00007ffd233f4000 	C:\WINDOWS\SYSTEM32\WINMM.dll
0x00007ffd28ed0000 - 0x00007ffd28f3d000 	C:\WINDOWS\System32\WS2_32.dll
0x00007ffd23280000 - 0x00007ffd232ad000 	C:\WINDOWS\SYSTEM32\WINMMBASE.dll
0x00007ffd209f0000 - 0x00007ffd209fa000 	C:\WINDOWS\SYSTEM32\VERSION.dll
0x00007ffd25510000 - 0x00007ffd2555a000 	C:\WINDOWS\System32\cfgmgr32.dll
0x00007ffd12cd0000 - 0x00007ffd12cdf000 	D:\Softwares\IDEs\AndroidStudio\jre\jre\bin\verify.dll
0x00007ffce4cd0000 - 0x00007ffce4cf9000 	D:\Softwares\IDEs\AndroidStudio\jre\jre\bin\java.dll
0x00007ffce4cb0000 - 0x00007ffce4cc6000 	D:\Softwares\IDEs\AndroidStudio\jre\jre\bin\zip.dll
0x00007ffd27600000 - 0x00007ffd28afa000 	C:\WINDOWS\System32\SHELL32.dll
0x00007ffd26780000 - 0x00007ffd26828000 	C:\WINDOWS\System32\shcore.dll
0x00007ffd25b30000 - 0x00007ffd2627b000 	C:\WINDOWS\System32\windows.storage.dll
0x00007ffd251a0000 - 0x00007ffd251c4000 	C:\WINDOWS\System32\profapi.dll
0x00007ffd251d0000 - 0x00007ffd2522d000 	C:\WINDOWS\System32\powrprof.dll
0x00007ffd28f60000 - 0x00007ffd28fb2000 	C:\WINDOWS\System32\shlwapi.dll
0x00007ffd25230000 - 0x00007ffd25241000 	C:\WINDOWS\System32\kernel.appcore.dll
0x00007ffd25250000 - 0x00007ffd25267000 	C:\WINDOWS\System32\cryptsp.dll
0x00007ffce4c90000 - 0x00007ffce4caa000 	D:\Softwares\IDEs\AndroidStudio\jre\jre\bin\net.dll
0x00007ffd24980000 - 0x00007ffd249e7000 	C:\WINDOWS\system32\mswsock.dll
0x00007ffce4c70000 - 0x00007ffce4c83000 	D:\Softwares\IDEs\AndroidStudio\jre\jre\bin\nio.dll
0x00007ffd06310000 - 0x00007ffd06337000 	C:\Users\Moon\.gradle\native\f6784746aeab05261644944871eae4fe03e0ef1612fff0a4a95f87b438bc6780\windows-amd64\native-platform.dll
0x00007ffd12190000 - 0x00007ffd1219d000 	D:\Softwares\IDEs\AndroidStudio\jre\jre\bin\management.dll
0x00007ffd24510000 - 0x00007ffd24543000 	C:\WINDOWS\system32\rsaenh.dll
0x00007ffd25a40000 - 0x00007ffd25a66000 	C:\WINDOWS\System32\bcrypt.dll
0x00007ffd250b0000 - 0x00007ffd250d9000 	C:\WINDOWS\SYSTEM32\USERENV.dll
0x00007ffd24b50000 - 0x00007ffd24b5c000 	C:\WINDOWS\SYSTEM32\CRYPTBASE.dll
0x00007ffd246a0000 - 0x00007ffd246dd000 	C:\WINDOWS\SYSTEM32\IPHLPAPI.DLL
0x00007ffd29140000 - 0x00007ffd29148000 	C:\WINDOWS\System32\NSI.dll
0x00007ffd1bbb0000 - 0x00007ffd1bbc6000 	C:\WINDOWS\SYSTEM32\dhcpcsvc6.DLL
0x00007ffd1dc40000 - 0x00007ffd1dc5c000 	C:\WINDOWS\SYSTEM32\dhcpcsvc.DLL
0x00007ffd246e0000 - 0x00007ffd247a6000 	C:\WINDOWS\SYSTEM32\DNSAPI.dll
0x00007ffd1dd30000 - 0x00007ffd1dd3b000 	C:\WINDOWS\SYSTEM32\WINNSI.DLL

VM Arguments:
jvm_args: -Xmx3072m -Dfile.encoding=windows-1252 -Duser.country=US -Duser.language=en -Duser.variant 
java_command: org.gradle.launcher.daemon.bootstrap.GradleDaemon 6.5
java_class_path (initial): C:\Users\Moon\.gradle\wrapper\dists\gradle-6.5-all\2oz4ud9k3tuxjg84bbf55q0tn\gradle-6.5\lib\gradle-launcher-6.5.jar
Launcher Type: SUN_STANDARD

Environment Variables:
PATH=C:\WINDOWS\system32;C:\WINDOWS;C:\WINDOWS\System32\Wbem;C:\WINDOWS\System32\WindowsPowerShell\v1.0\;C:\WINDOWS\System32\OpenSSH\;C:\Program Files\dotnet\;C:\Program Files\Microsoft SQL Server\130\Tools\Binn\;C:\Program Files\Microsoft SQL Server\Client SDK\ODBC\130\Tools\Binn\;C:\Program Files (x86)\Microsoft SQL Server\140\Tools\Binn\;C:\Program Files\Microsoft SQL Server\140\Tools\Binn\;C:\Program Files\Microsoft SQL Server\140\DTS\Binn\;C:\Program Files (x86)\Microsoft SQL Server\Client SDK\ODBC\130\Tools\Binn\;C:\Program Files (x86)\Microsoft SQL Server\140\DTS\Binn\;C:\Program Files (x86)\Microsoft SQL Server\140\Tools\Binn\ManagementStudio\;C:\Program Files\PuTTY\;C:\Program Files\Git\cmd;C:\Program Files\Git\bin\;C:\Users\Moon\AppData\Local\Android\Sdk\platform-tools;C:\Program Files\Microsoft SQL Server\Client SDK\ODBC\170\Tools\Binn\;C:\Program Files\MySQL\MySQL Shell 8.0\bin\;C:\Users\Moon\.dotnet\tools
USERNAME=Moon
OS=Windows_NT
PROCESSOR_IDENTIFIER=Intel64 Family 6 Model 158 Stepping 11, GenuineIntel



---------------  S Y S T E M  ---------------

OS: Windows 10.0 , 64 bit Build 17763 (10.0.17763.475)

CPU:total 4 (initial active 4) (4 cores per cpu, 1 threads per core) family 6 model 158 stepping 11, cmov, cx8, fxsr, mmx, sse, sse2, sse3, ssse3, sse4.1, sse4.2, popcnt, avx, avx2, aes, clmul, erms, 3dnowpref, lzcnt, tsc, tscinvbit, bmi1, bmi2, adx

Memory: 4k page, physical 16425952k(5843804k free), swap 28886928k(5376k free)

vm_info: OpenJDK 64-Bit Server VM (25.242-b01) for windows-amd64 JRE (1.8.0_242-release-1644-b01), built by "builder" with MS VC++ 10.0 (VS2010)

time: Sat Jan 30 14:32:20 2021
timezone: SE Asia Standard Time
elapsed time: 24 seconds (0d 0h 0m 24s)

